0 info it worked if it ends with ok
1 verbose cli [ 'C:\\Program Files\\nodejs\\node.exe',
1 verbose cli   'C:\\Program Files\\nodejs\\node_modules\\npm\\bin\\npm-cli.js',
1 verbose cli   'install' ]
2 info using npm@3.3.12
3 info using node@v5.5.0
4 silly loadCurrentTree Starting
5 silly install loadCurrentTree
6 silly install readLocalPackageData
7 silly install normalizeTree
8 silly loadCurrentTree Finishing
9 silly loadIdealTree Starting
10 silly install loadIdealTree
11 silly cloneCurrentTree Starting
12 silly install cloneCurrentTreeToIdealTree
13 silly cloneCurrentTree Finishing
14 silly loadShrinkwrap Starting
15 silly install loadShrinkwrap
16 silly loadShrinkwrap Finishing
17 silly loadAllDepsIntoIdealTree Starting
18 silly install loadAllDepsIntoIdealTree
19 silly fetchNamedPackageData fsevents
20 silly mapToRegistry name fsevents
21 silly mapToRegistry using default registry
22 silly mapToRegistry registry https://registry.npmjs.org/
23 silly mapToRegistry uri https://registry.npmjs.org/fsevents
24 verbose request uri https://registry.npmjs.org/fsevents
25 verbose request no auth needed
26 info attempt registry request try #1 at 5:42:41 PM
27 verbose request id 27e3118de677e8c7
28 verbose etag "43VWEZO0NHQR9W0RRC4SYHILN"
29 http request GET https://registry.npmjs.org/fsevents
30 http 304 https://registry.npmjs.org/fsevents
31 verbose headers { date: 'Sat, 30 Jan 2016 10:42:41 GMT',
31 verbose headers   via: '1.1 varnish',
31 verbose headers   'cache-control': 'max-age=300',
31 verbose headers   etag: '"43VWEZO0NHQR9W0RRC4SYHILN"',
31 verbose headers   age: '68',
31 verbose headers   connection: 'keep-alive',
31 verbose headers   'x-served-by': 'cache-sin6927-SIN',
31 verbose headers   'x-cache': 'HIT',
31 verbose headers   'x-cache-hits': '1',
31 verbose headers   'x-timer': 'S1454150561.713614,VS0,VE0',
31 verbose headers   vary: 'Accept' }
32 silly get cb [ 304,
32 silly get   { date: 'Sat, 30 Jan 2016 10:42:41 GMT',
32 silly get     via: '1.1 varnish',
32 silly get     'cache-control': 'max-age=300',
32 silly get     etag: '"43VWEZO0NHQR9W0RRC4SYHILN"',
32 silly get     age: '68',
32 silly get     connection: 'keep-alive',
32 silly get     'x-served-by': 'cache-sin6927-SIN',
32 silly get     'x-cache': 'HIT',
32 silly get     'x-cache-hits': '1',
32 silly get     'x-timer': 'S1454150561.713614,VS0,VE0',
32 silly get     vary: 'Accept' } ]
33 verbose etag https://registry.npmjs.org/fsevents from cache
34 verbose get saving fsevents to C:\Users\THEN NHAI\AppData\Roaming\npm-cache\registry.npmjs.org\fsevents\.cache.json
35 silly resolveWithNewModule fsevents@1.0.6 checking installable status
36 warn install Couldn't install optional dependency: Unsupported
37 verbose install Error: Unsupported
37 verbose install     at checkPlatform (C:\Program Files\nodejs\node_modules\npm\node_modules\npm-install-checks\index.js:46:14)
37 verbose install     at Array.<anonymous> (C:\Program Files\nodejs\node_modules\npm\node_modules\slide\lib\bind-actor.js:15:8)
37 verbose install     at LOOP (C:\Program Files\nodejs\node_modules\npm\node_modules\slide\lib\chain.js:15:14)
37 verbose install     at C:\Program Files\nodejs\node_modules\npm\node_modules\slide\lib\chain.js:18:7
37 verbose install     at checkEngine (C:\Program Files\nodejs\node_modules\npm\node_modules\npm-install-checks\index.js:25:10)
37 verbose install     at Array.<anonymous> (C:\Program Files\nodejs\node_modules\npm\node_modules\slide\lib\bind-actor.js:15:8)
37 verbose install     at LOOP (C:\Program Files\nodejs\node_modules\npm\node_modules\slide\lib\chain.js:15:14)
37 verbose install     at chain (C:\Program Files\nodejs\node_modules\npm\node_modules\slide\lib\chain.js:20:5)
37 verbose install     at module.exports.isInstallable (C:\Program Files\nodejs\node_modules\npm\lib\install\validate-args.js:26:3)
37 verbose install     at resolveWithNewModule (C:\Program Files\nodejs\node_modules\npm\lib\install\deps.js:452:12)
38 silly fetchNamedPackageData bufferutil
39 silly mapToRegistry name bufferutil
40 silly mapToRegistry using default registry
41 silly mapToRegistry registry https://registry.npmjs.org/
42 silly mapToRegistry uri https://registry.npmjs.org/bufferutil
43 silly fetchNamedPackageData utf-8-validate
44 silly mapToRegistry name utf-8-validate
45 silly mapToRegistry using default registry
46 silly mapToRegistry registry https://registry.npmjs.org/
47 silly mapToRegistry uri https://registry.npmjs.org/utf-8-validate
48 verbose request uri https://registry.npmjs.org/bufferutil
49 verbose request no auth needed
50 info attempt registry request try #1 at 5:42:42 PM
51 verbose etag "9NLYGHUX8MGYC2LICJDWKWNPW"
52 http request GET https://registry.npmjs.org/bufferutil
53 verbose request uri https://registry.npmjs.org/utf-8-validate
54 verbose request no auth needed
55 info attempt registry request try #1 at 5:42:42 PM
56 verbose etag "E7XYFT7FUBMH6H6XYWMIRAGJ0"
57 http request GET https://registry.npmjs.org/utf-8-validate
58 http 304 https://registry.npmjs.org/bufferutil
59 verbose headers { date: 'Sat, 30 Jan 2016 10:42:42 GMT',
59 verbose headers   via: '1.1 varnish',
59 verbose headers   'cache-control': 'max-age=300',
59 verbose headers   etag: '"9NLYGHUX8MGYC2LICJDWKWNPW"',
59 verbose headers   age: '229',
59 verbose headers   connection: 'keep-alive',
59 verbose headers   'x-served-by': 'cache-sin6925-SIN',
59 verbose headers   'x-cache': 'HIT',
59 verbose headers   'x-cache-hits': '4',
59 verbose headers   'x-timer': 'S1454150562.576733,VS0,VE0',
59 verbose headers   vary: 'Accept' }
60 silly get cb [ 304,
60 silly get   { date: 'Sat, 30 Jan 2016 10:42:42 GMT',
60 silly get     via: '1.1 varnish',
60 silly get     'cache-control': 'max-age=300',
60 silly get     etag: '"9NLYGHUX8MGYC2LICJDWKWNPW"',
60 silly get     age: '229',
60 silly get     connection: 'keep-alive',
60 silly get     'x-served-by': 'cache-sin6925-SIN',
60 silly get     'x-cache': 'HIT',
60 silly get     'x-cache-hits': '4',
60 silly get     'x-timer': 'S1454150562.576733,VS0,VE0',
60 silly get     vary: 'Accept' } ]
61 verbose etag https://registry.npmjs.org/bufferutil from cache
62 verbose get saving bufferutil to C:\Users\THEN NHAI\AppData\Roaming\npm-cache\registry.npmjs.org\bufferutil\.cache.json
63 http 304 https://registry.npmjs.org/utf-8-validate
64 verbose headers { date: 'Sat, 30 Jan 2016 10:42:42 GMT',
64 verbose headers   via: '1.1 varnish',
64 verbose headers   'cache-control': 'max-age=300',
64 verbose headers   etag: '"E7XYFT7FUBMH6H6XYWMIRAGJ0"',
64 verbose headers   age: '214',
64 verbose headers   connection: 'keep-alive',
64 verbose headers   'x-served-by': 'cache-sin6921-SIN',
64 verbose headers   'x-cache': 'HIT',
64 verbose headers   'x-cache-hits': '2',
64 verbose headers   'x-timer': 'S1454150562.607111,VS0,VE0',
64 verbose headers   vary: 'Accept' }
65 silly get cb [ 304,
65 silly get   { date: 'Sat, 30 Jan 2016 10:42:42 GMT',
65 silly get     via: '1.1 varnish',
65 silly get     'cache-control': 'max-age=300',
65 silly get     etag: '"E7XYFT7FUBMH6H6XYWMIRAGJ0"',
65 silly get     age: '214',
65 silly get     connection: 'keep-alive',
65 silly get     'x-served-by': 'cache-sin6921-SIN',
65 silly get     'x-cache': 'HIT',
65 silly get     'x-cache-hits': '2',
65 silly get     'x-timer': 'S1454150562.607111,VS0,VE0',
65 silly get     vary: 'Accept' } ]
66 verbose etag https://registry.npmjs.org/utf-8-validate from cache
67 verbose get saving utf-8-validate to C:\Users\THEN NHAI\AppData\Roaming\npm-cache\registry.npmjs.org\utf-8-validate\.cache.json
68 silly resolveWithNewModule bufferutil@1.2.1 checking installable status
69 silly cache add args [ 'bufferutil@1.2.x', null ]
70 verbose cache add spec bufferutil@1.2.x
71 silly cache add parsed spec Result {
71 silly cache add   raw: 'bufferutil@1.2.x',
71 silly cache add   scope: null,
71 silly cache add   name: 'bufferutil',
71 silly cache add   rawSpec: '1.2.x',
71 silly cache add   spec: '>=1.2.0 <1.3.0',
71 silly cache add   type: 'range' }
72 silly addNamed bufferutil@>=1.2.0 <1.3.0
73 verbose addNamed ">=1.2.0 <1.3.0" is a valid semver range for bufferutil
74 silly addNameRange { name: 'bufferutil', range: '>=1.2.0 <1.3.0', hasData: false }
75 silly mapToRegistry name bufferutil
76 silly mapToRegistry using default registry
77 silly mapToRegistry registry https://registry.npmjs.org/
78 silly mapToRegistry uri https://registry.npmjs.org/bufferutil
79 verbose addNameRange registry:https://registry.npmjs.org/bufferutil not in flight; fetching
80 verbose get https://registry.npmjs.org/bufferutil not expired, no request
81 silly addNameRange number 2 { name: 'bufferutil', range: '>=1.2.0 <1.3.0', hasData: true }
82 silly addNameRange versions [ 'bufferutil',
82 silly addNameRange   [ '1.0.0', '1.0.1', '1.1.0', '1.2.0', '1.2.1' ] ]
83 silly addNamed bufferutil@1.2.1
84 verbose addNamed "1.2.1" is a plain semver version for bufferutil
85 silly resolveWithNewModule utf-8-validate@1.2.1 checking installable status
86 silly cache add args [ 'utf-8-validate@1.2.x', null ]
87 verbose cache add spec utf-8-validate@1.2.x
88 silly cache add parsed spec Result {
88 silly cache add   raw: 'utf-8-validate@1.2.x',
88 silly cache add   scope: null,
88 silly cache add   name: 'utf-8-validate',
88 silly cache add   rawSpec: '1.2.x',
88 silly cache add   spec: '>=1.2.0 <1.3.0',
88 silly cache add   type: 'range' }
89 silly addNamed utf-8-validate@>=1.2.0 <1.3.0
90 verbose addNamed ">=1.2.0 <1.3.0" is a valid semver range for utf-8-validate
91 silly addNameRange { name: 'utf-8-validate',
91 silly addNameRange   range: '>=1.2.0 <1.3.0',
91 silly addNameRange   hasData: false }
92 silly mapToRegistry name utf-8-validate
93 silly mapToRegistry using default registry
94 silly mapToRegistry registry https://registry.npmjs.org/
95 silly mapToRegistry uri https://registry.npmjs.org/utf-8-validate
96 verbose addNameRange registry:https://registry.npmjs.org/utf-8-validate not in flight; fetching
97 verbose get https://registry.npmjs.org/utf-8-validate not expired, no request
98 silly addNameRange number 2 { name: 'utf-8-validate',
98 silly addNameRange   range: '>=1.2.0 <1.3.0',
98 silly addNameRange   hasData: true }
99 silly addNameRange versions [ 'utf-8-validate',
99 silly addNameRange   [ '1.0.0', '1.0.1', '1.1.0', '1.2.0', '1.2.1' ] ]
100 silly addNamed utf-8-validate@1.2.1
101 verbose addNamed "1.2.1" is a plain semver version for utf-8-validate
102 silly cache afterAdd utf-8-validate@1.2.1
103 verbose afterAdd C:\Users\THEN NHAI\AppData\Roaming\npm-cache\utf-8-validate\1.2.1\package\package.json not in flight; writing
104 silly cache afterAdd bufferutil@1.2.1
105 verbose afterAdd C:\Users\THEN NHAI\AppData\Roaming\npm-cache\bufferutil\1.2.1\package\package.json not in flight; writing
106 verbose afterAdd C:\Users\THEN NHAI\AppData\Roaming\npm-cache\utf-8-validate\1.2.1\package\package.json written
107 verbose afterAdd C:\Users\THEN NHAI\AppData\Roaming\npm-cache\bufferutil\1.2.1\package\package.json written
108 silly fetchNamedPackageData bindings
109 silly mapToRegistry name bindings
110 silly mapToRegistry using default registry
111 silly mapToRegistry registry https://registry.npmjs.org/
112 silly mapToRegistry uri https://registry.npmjs.org/bindings
113 silly fetchNamedPackageData nan
114 silly mapToRegistry name nan
115 silly mapToRegistry using default registry
116 silly mapToRegistry registry https://registry.npmjs.org/
117 silly mapToRegistry uri https://registry.npmjs.org/nan
118 verbose request uri https://registry.npmjs.org/bindings
119 verbose request no auth needed
120 info attempt registry request try #1 at 5:42:43 PM
121 verbose etag "1LLBF9OH58DLBEL4629U6032D"
122 http request GET https://registry.npmjs.org/bindings
123 verbose request uri https://registry.npmjs.org/nan
124 verbose request no auth needed
125 info attempt registry request try #1 at 5:42:43 PM
126 verbose etag "798MRG5PQ3TIGV0CLUOSQMVAG"
127 http request GET https://registry.npmjs.org/nan
128 http 304 https://registry.npmjs.org/bindings
129 verbose headers { date: 'Sat, 30 Jan 2016 10:42:43 GMT',
129 verbose headers   via: '1.1 varnish',
129 verbose headers   'cache-control': 'max-age=300',
129 verbose headers   etag: '"1LLBF9OH58DLBEL4629U6032D"',
129 verbose headers   age: '143',
129 verbose headers   connection: 'keep-alive',
129 verbose headers   'x-served-by': 'cache-sin6926-SIN',
129 verbose headers   'x-cache': 'HIT',
129 verbose headers   'x-cache-hits': '5',
129 verbose headers   'x-timer': 'S1454150563.217892,VS0,VE0',
129 verbose headers   vary: 'Accept' }
130 silly get cb [ 304,
130 silly get   { date: 'Sat, 30 Jan 2016 10:42:43 GMT',
130 silly get     via: '1.1 varnish',
130 silly get     'cache-control': 'max-age=300',
130 silly get     etag: '"1LLBF9OH58DLBEL4629U6032D"',
130 silly get     age: '143',
130 silly get     connection: 'keep-alive',
130 silly get     'x-served-by': 'cache-sin6926-SIN',
130 silly get     'x-cache': 'HIT',
130 silly get     'x-cache-hits': '5',
130 silly get     'x-timer': 'S1454150563.217892,VS0,VE0',
130 silly get     vary: 'Accept' } ]
131 verbose etag https://registry.npmjs.org/bindings from cache
132 verbose get saving bindings to C:\Users\THEN NHAI\AppData\Roaming\npm-cache\registry.npmjs.org\bindings\.cache.json
133 silly resolveWithNewModule bindings@1.2.1 checking installable status
134 silly cache add args [ 'bindings@1.2.x', null ]
135 verbose cache add spec bindings@1.2.x
136 silly cache add parsed spec Result {
136 silly cache add   raw: 'bindings@1.2.x',
136 silly cache add   scope: null,
136 silly cache add   name: 'bindings',
136 silly cache add   rawSpec: '1.2.x',
136 silly cache add   spec: '>=1.2.0 <1.3.0',
136 silly cache add   type: 'range' }
137 silly addNamed bindings@>=1.2.0 <1.3.0
138 verbose addNamed ">=1.2.0 <1.3.0" is a valid semver range for bindings
139 silly addNameRange { name: 'bindings', range: '>=1.2.0 <1.3.0', hasData: false }
140 silly mapToRegistry name bindings
141 silly mapToRegistry using default registry
142 silly mapToRegistry registry https://registry.npmjs.org/
143 silly mapToRegistry uri https://registry.npmjs.org/bindings
144 verbose addNameRange registry:https://registry.npmjs.org/bindings not in flight; fetching
145 verbose get https://registry.npmjs.org/bindings not expired, no request
146 silly addNameRange number 2 { name: 'bindings', range: '>=1.2.0 <1.3.0', hasData: true }
147 silly addNameRange versions [ 'bindings',
147 silly addNameRange   [ '0.0.1',
147 silly addNameRange     '0.1.0',
147 silly addNameRange     '0.1.1',
147 silly addNameRange     '0.2.0',
147 silly addNameRange     '0.2.1',
147 silly addNameRange     '0.2.2',
147 silly addNameRange     '0.2.3',
147 silly addNameRange     '0.2.4',
147 silly addNameRange     '0.3.0',
147 silly addNameRange     '0.4.0',
147 silly addNameRange     '1.0.0',
147 silly addNameRange     '1.1.0',
147 silly addNameRange     '1.1.1',
147 silly addNameRange     '1.2.0',
147 silly addNameRange     '1.2.1' ] ]
148 silly addNamed bindings@1.2.1
149 verbose addNamed "1.2.1" is a plain semver version for bindings
150 http 304 https://registry.npmjs.org/nan
151 verbose headers { date: 'Sat, 30 Jan 2016 10:42:43 GMT',
151 verbose headers   via: '1.1 varnish',
151 verbose headers   'cache-control': 'max-age=300',
151 verbose headers   etag: '"798MRG5PQ3TIGV0CLUOSQMVAG"',
151 verbose headers   age: '152',
151 verbose headers   connection: 'keep-alive',
151 verbose headers   'x-served-by': 'cache-sin6920-SIN',
151 verbose headers   'x-cache': 'HIT',
151 verbose headers   'x-cache-hits': '4',
151 verbose headers   'x-timer': 'S1454150563.287667,VS0,VE0',
151 verbose headers   vary: 'Accept' }
152 silly get cb [ 304,
152 silly get   { date: 'Sat, 30 Jan 2016 10:42:43 GMT',
152 silly get     via: '1.1 varnish',
152 silly get     'cache-control': 'max-age=300',
152 silly get     etag: '"798MRG5PQ3TIGV0CLUOSQMVAG"',
152 silly get     age: '152',
152 silly get     connection: 'keep-alive',
152 silly get     'x-served-by': 'cache-sin6920-SIN',
152 silly get     'x-cache': 'HIT',
152 silly get     'x-cache-hits': '4',
152 silly get     'x-timer': 'S1454150563.287667,VS0,VE0',
152 silly get     vary: 'Accept' } ]
153 verbose etag https://registry.npmjs.org/nan from cache
154 verbose get saving nan to C:\Users\THEN NHAI\AppData\Roaming\npm-cache\registry.npmjs.org\nan\.cache.json
155 silly cache afterAdd bindings@1.2.1
156 verbose afterAdd C:\Users\THEN NHAI\AppData\Roaming\npm-cache\bindings\1.2.1\package\package.json not in flight; writing
157 verbose afterAdd C:\Users\THEN NHAI\AppData\Roaming\npm-cache\bindings\1.2.1\package\package.json written
158 silly resolveWithNewModule nan@2.2.0 checking installable status
159 silly cache add args [ 'nan@^2.0.5', null ]
160 verbose cache add spec nan@^2.0.5
161 silly cache add parsed spec Result {
161 silly cache add   raw: 'nan@^2.0.5',
161 silly cache add   scope: null,
161 silly cache add   name: 'nan',
161 silly cache add   rawSpec: '^2.0.5',
161 silly cache add   spec: '>=2.0.5 <3.0.0',
161 silly cache add   type: 'range' }
162 silly addNamed nan@>=2.0.5 <3.0.0
163 verbose addNamed ">=2.0.5 <3.0.0" is a valid semver range for nan
164 silly addNameRange { name: 'nan', range: '>=2.0.5 <3.0.0', hasData: false }
165 silly mapToRegistry name nan
166 silly mapToRegistry using default registry
167 silly mapToRegistry registry https://registry.npmjs.org/
168 silly mapToRegistry uri https://registry.npmjs.org/nan
169 verbose addNameRange registry:https://registry.npmjs.org/nan not in flight; fetching
170 verbose get https://registry.npmjs.org/nan not expired, no request
171 silly addNameRange number 2 { name: 'nan', range: '>=2.0.5 <3.0.0', hasData: true }
172 silly addNameRange versions [ 'nan',
172 silly addNameRange   [ '0.3.0-wip',
172 silly addNameRange     '0.3.0-wip2',
172 silly addNameRange     '0.3.0',
172 silly addNameRange     '0.3.1',
172 silly addNameRange     '0.3.2',
172 silly addNameRange     '0.4.0',
172 silly addNameRange     '0.4.1',
172 silly addNameRange     '0.4.2',
172 silly addNameRange     '0.4.3',
172 silly addNameRange     '0.4.4',
172 silly addNameRange     '0.5.0',
172 silly addNameRange     '0.5.1',
172 silly addNameRange     '0.5.2',
172 silly addNameRange     '0.6.0',
172 silly addNameRange     '0.7.0',
172 silly addNameRange     '0.7.1',
172 silly addNameRange     '0.8.0',
172 silly addNameRange     '1.0.0',
172 silly addNameRange     '1.1.0',
172 silly addNameRange     '1.1.1',
172 silly addNameRange     '1.1.2',
172 silly addNameRange     '1.2.0',
172 silly addNameRange     '1.3.0',
172 silly addNameRange     '1.4.0',
172 silly addNameRange     '1.4.1',
172 silly addNameRange     '1.5.0',
172 silly addNameRange     '1.4.2',
172 silly addNameRange     '1.4.3',
172 silly addNameRange     '1.5.1',
172 silly addNameRange     '1.5.2',
172 silly addNameRange     '1.6.0',
172 silly addNameRange     '1.5.3',
172 silly addNameRange     '1.6.1',
172 silly addNameRange     '1.6.2',
172 silly addNameRange     '1.7.0',
172 silly addNameRange     '1.8.0',
172 silly addNameRange     '1.8.1',
172 silly addNameRange     '1.8.2',
172 silly addNameRange     '1.8.3',
172 silly addNameRange     '1.8.4',
172 silly addNameRange     '1.9.0',
172 silly addNameRange     '2.0.0',
172 silly addNameRange     '2.0.1',
172 silly addNameRange     '2.0.2',
172 silly addNameRange     '2.0.3',
172 silly addNameRange     '2.0.4',
172 silly addNameRange     '2.0.5',
172 silly addNameRange     '2.0.6',
172 silly addNameRange     '2.0.7',
172 silly addNameRange     '2.0.8',
172 silly addNameRange     '2.0.9',
172 silly addNameRange     '2.1.0',
172 silly addNameRange     '2.2.0' ] ]
173 silly addNamed nan@2.2.0
174 verbose addNamed "2.2.0" is a plain semver version for nan
175 silly cache afterAdd nan@2.2.0
176 verbose afterAdd C:\Users\THEN NHAI\AppData\Roaming\npm-cache\nan\2.2.0\package\package.json not in flight; writing
177 verbose afterAdd C:\Users\THEN NHAI\AppData\Roaming\npm-cache\nan\2.2.0\package\package.json written
178 silly fetchNamedPackageData nan
179 silly mapToRegistry name nan
180 silly mapToRegistry using default registry
181 silly mapToRegistry registry https://registry.npmjs.org/
182 silly mapToRegistry uri https://registry.npmjs.org/nan
183 silly loadAllDepsIntoIdealTree Finishing
184 silly idealTree:prePrune angular-seed@0.0.0
184 silly idealTree:prePrune ├── accepts@1.2.13
184 silly idealTree:prePrune ├── accessibility-developer-tools@2.6.0
184 silly idealTree:prePrune ├── active-x-obfuscator@0.0.1
184 silly idealTree:prePrune ├── adm-zip@0.4.4
184 silly idealTree:prePrune ├─┬ agent-base@2.0.1
184 silly idealTree:prePrune │ └── semver@5.0.3
184 silly idealTree:prePrune ├── amdefine@1.0.0
184 silly idealTree:prePrune ├── ansi-regex@2.0.0
184 silly idealTree:prePrune ├── ansi-styles@2.1.0
184 silly idealTree:prePrune ├── anymatch@1.3.0
184 silly idealTree:prePrune ├── arr-diff@2.0.0
184 silly idealTree:prePrune ├── arr-flatten@1.0.1
184 silly idealTree:prePrune ├── array-unique@0.2.1
184 silly idealTree:prePrune ├── arrify@1.0.1
184 silly idealTree:prePrune ├── asn1@0.1.11
184 silly idealTree:prePrune ├── assert-plus@0.1.5
184 silly idealTree:prePrune ├── async-each@0.1.6
184 silly idealTree:prePrune ├── async@0.2.10
184 silly idealTree:prePrune ├── aws-sign2@0.5.0
184 silly idealTree:prePrune ├── balanced-match@0.3.0
184 silly idealTree:prePrune ├── base64-url@1.2.1
184 silly idealTree:prePrune ├── base64id@0.1.0
184 silly idealTree:prePrune ├── basic-auth-connect@1.0.0
184 silly idealTree:prePrune ├── basic-auth@1.0.3
184 silly idealTree:prePrune ├── batch@0.5.3
184 silly idealTree:prePrune ├── binary-extensions@1.4.0
184 silly idealTree:prePrune ├── bindings@1.2.1
184 silly idealTree:prePrune ├─┬ bl@0.9.5
184 silly idealTree:prePrune │ └── readable-stream@1.0.33
184 silly idealTree:prePrune ├── bluebird@2.10.2
184 silly idealTree:prePrune ├─┬ body-parser@1.13.3
184 silly idealTree:prePrune │ └── qs@4.0.0
184 silly idealTree:prePrune ├── boom@2.10.1
184 silly idealTree:prePrune ├── bower@1.7.7
184 silly idealTree:prePrune ├── brace-expansion@1.1.2
184 silly idealTree:prePrune ├── braces@1.8.3
184 silly idealTree:prePrune ├─┬ bufferutil@1.2.1
184 silly idealTree:prePrune │ └── nan@2.2.0
184 silly idealTree:prePrune ├── bytes@2.1.0
184 silly idealTree:prePrune ├── caseless@0.10.0
184 silly idealTree:prePrune ├── chalk@1.1.1
184 silly idealTree:prePrune ├── chokidar@1.4.2
184 silly idealTree:prePrune ├── colors@0.6.2
184 silly idealTree:prePrune ├── combined-stream@1.0.5
184 silly idealTree:prePrune ├── commander@2.1.0
184 silly idealTree:prePrune ├── compressible@2.0.7
184 silly idealTree:prePrune ├── compression@1.5.2
184 silly idealTree:prePrune ├── concat-map@0.0.1
184 silly idealTree:prePrune ├── connect-timeout@1.6.2
184 silly idealTree:prePrune ├─┬ connect@2.30.2
184 silly idealTree:prePrune │ └── qs@4.0.0
184 silly idealTree:prePrune ├── content-type@1.0.1
184 silly idealTree:prePrune ├── cookie-parser@1.3.5
184 silly idealTree:prePrune ├── cookie-signature@1.0.6
184 silly idealTree:prePrune ├── cookie@0.1.3
184 silly idealTree:prePrune ├── core-util-is@1.0.2
184 silly idealTree:prePrune ├── crc@3.3.0
184 silly idealTree:prePrune ├── cryptiles@2.0.5
184 silly idealTree:prePrune ├── csrf@3.0.1
184 silly idealTree:prePrune ├── csurf@1.8.3
184 silly idealTree:prePrune ├── ctype@0.5.3
184 silly idealTree:prePrune ├── debug@2.2.0
184 silly idealTree:prePrune ├── deep-equal@1.0.1
184 silly idealTree:prePrune ├── delayed-stream@1.0.0
184 silly idealTree:prePrune ├── depd@1.0.1
184 silly idealTree:prePrune ├── destroy@1.0.4
184 silly idealTree:prePrune ├── di@0.0.1
184 silly idealTree:prePrune ├─┬ ecstatic@0.4.13
184 silly idealTree:prePrune │ └── optimist@0.3.7
184 silly idealTree:prePrune ├── ee-first@1.1.1
184 silly idealTree:prePrune ├── ent@0.0.7
184 silly idealTree:prePrune ├─┬ errorhandler@1.4.3
184 silly idealTree:prePrune │ ├── accepts@1.3.1
184 silly idealTree:prePrune │ └── negotiator@0.6.0
184 silly idealTree:prePrune ├── escape-html@1.0.3
184 silly idealTree:prePrune ├── escape-string-regexp@1.0.4
184 silly idealTree:prePrune ├── etag@1.7.0
184 silly idealTree:prePrune ├── exit@0.1.2
184 silly idealTree:prePrune ├── expand-brackets@0.1.4
184 silly idealTree:prePrune ├── expand-range@1.8.1
184 silly idealTree:prePrune ├─┬ express-session@1.11.3
184 silly idealTree:prePrune │ └── uid-safe@2.0.0
184 silly idealTree:prePrune ├── extend@3.0.0
184 silly idealTree:prePrune ├── extglob@0.3.2
184 silly idealTree:prePrune ├── filename-regex@2.0.0
184 silly idealTree:prePrune ├── fill-range@2.2.3
184 silly idealTree:prePrune ├─┬ finalhandler@0.4.0
184 silly idealTree:prePrune │ └── escape-html@1.0.2
184 silly idealTree:prePrune ├── for-in@0.1.4
184 silly idealTree:prePrune ├── for-own@0.1.3
184 silly idealTree:prePrune ├── forever-agent@0.6.1
184 silly idealTree:prePrune ├─┬ form-data@0.2.0
184 silly idealTree:prePrune │ ├── async@0.9.2
184 silly idealTree:prePrune │ ├── combined-stream@0.0.7
184 silly idealTree:prePrune │ ├── delayed-stream@0.0.5
184 silly idealTree:prePrune │ ├── mime-db@1.12.0
184 silly idealTree:prePrune │ └── mime-types@2.0.14
184 silly idealTree:prePrune ├── fresh@0.3.0
184 silly idealTree:prePrune ├── generate-function@2.0.0
184 silly idealTree:prePrune ├── generate-object-property@1.2.0
184 silly idealTree:prePrune ├── glob-base@0.3.0
184 silly idealTree:prePrune ├── glob-parent@2.0.0
184 silly idealTree:prePrune ├── glob@5.0.15
184 silly idealTree:prePrune ├── graceful-fs@3.0.8
184 silly idealTree:prePrune ├── graceful-readlink@1.0.1
184 silly idealTree:prePrune ├─┬ har-validator@1.8.0
184 silly idealTree:prePrune │ └── commander@2.9.0
184 silly idealTree:prePrune ├── has-ansi@2.0.0
184 silly idealTree:prePrune ├── hawk@2.3.1
184 silly idealTree:prePrune ├── hoek@2.16.3
184 silly idealTree:prePrune ├── html-entities@1.1.3
184 silly idealTree:prePrune ├── http-errors@1.3.1
184 silly idealTree:prePrune ├─┬ http-proxy@0.10.4
184 silly idealTree:prePrune │ ├── optimist@0.6.1
184 silly idealTree:prePrune │ └── pkginfo@0.3.1
184 silly idealTree:prePrune ├── http-server@0.6.1
184 silly idealTree:prePrune ├── http-signature@0.11.0
184 silly idealTree:prePrune ├── https-proxy-agent@1.0.0
184 silly idealTree:prePrune ├── i@0.3.4
184 silly idealTree:prePrune ├── iconv-lite@0.4.11
184 silly idealTree:prePrune ├── inflight@1.0.4
184 silly idealTree:prePrune ├── inherits@2.0.1
184 silly idealTree:prePrune ├── is-absolute@0.1.7
184 silly idealTree:prePrune ├── is-binary-path@1.0.1
184 silly idealTree:prePrune ├── is-buffer@1.1.2
184 silly idealTree:prePrune ├── is-dotfile@1.0.2
184 silly idealTree:prePrune ├── is-equal-shallow@0.1.3
184 silly idealTree:prePrune ├── is-extendable@0.1.1
184 silly idealTree:prePrune ├── is-extglob@1.0.0
184 silly idealTree:prePrune ├── is-glob@2.0.1
184 silly idealTree:prePrune ├── is-my-json-valid@2.12.4
184 silly idealTree:prePrune ├── is-number@2.1.0
184 silly idealTree:prePrune ├── is-primitive@2.0.0
184 silly idealTree:prePrune ├── is-property@1.0.2
184 silly idealTree:prePrune ├── is-relative@0.1.3
184 silly idealTree:prePrune ├── isarray@0.0.1
184 silly idealTree:prePrune ├── isexe@1.1.1
184 silly idealTree:prePrune ├── isobject@2.0.0
184 silly idealTree:prePrune ├── isstream@0.1.2
184 silly idealTree:prePrune ├── jasmine-core@2.4.1
184 silly idealTree:prePrune ├─┬ jasmine@2.3.2
184 silly idealTree:prePrune │ ├── glob@3.2.11
184 silly idealTree:prePrune │ ├── jasmine-core@2.3.4
184 silly idealTree:prePrune │ └── minimatch@0.3.0
184 silly idealTree:prePrune ├── jasminewd@1.1.0
184 silly idealTree:prePrune ├── jasminewd2@0.0.6
184 silly idealTree:prePrune ├── json-stringify-safe@5.0.1
184 silly idealTree:prePrune ├── jsonpointer@2.0.0
184 silly idealTree:prePrune ├── karma-chrome-launcher@0.1.12
184 silly idealTree:prePrune ├── karma-firefox-launcher@0.1.7
184 silly idealTree:prePrune ├── karma-jasmine@0.3.6
184 silly idealTree:prePrune ├── karma-junit-reporter@0.2.2
184 silly idealTree:prePrune ├─┬ karma@0.12.37
184 silly idealTree:prePrune │ ├── colors@1.1.2
184 silly idealTree:prePrune │ ├── mime@1.3.4
184 silly idealTree:prePrune │ └── optimist@0.6.1
184 silly idealTree:prePrune ├── kind-of@3.0.2
184 silly idealTree:prePrune ├── lodash@3.10.1
184 silly idealTree:prePrune ├─┬ log4js@0.6.30
184 silly idealTree:prePrune │ └── readable-stream@1.0.33
184 silly idealTree:prePrune ├── lru-cache@2.2.4
184 silly idealTree:prePrune ├── media-typer@0.3.0
184 silly idealTree:prePrune ├── method-override@2.3.5
184 silly idealTree:prePrune ├── methods@1.1.2
184 silly idealTree:prePrune ├── micromatch@2.3.7
184 silly idealTree:prePrune ├── mime-db@1.21.0
184 silly idealTree:prePrune ├── mime-types@2.1.9
184 silly idealTree:prePrune ├── mime@1.2.11
184 silly idealTree:prePrune ├── minijasminenode@1.1.1
184 silly idealTree:prePrune ├── minimatch@2.0.10
184 silly idealTree:prePrune ├── minimist@0.0.10
184 silly idealTree:prePrune ├── mkdirp@0.0.7
184 silly idealTree:prePrune ├── morgan@1.6.1
184 silly idealTree:prePrune ├── ms@0.7.1
184 silly idealTree:prePrune ├─┬ multiparty@3.3.2
184 silly idealTree:prePrune │ └── readable-stream@1.1.13
184 silly idealTree:prePrune ├── nan@1.0.0
184 silly idealTree:prePrune ├── ncp@0.4.2
184 silly idealTree:prePrune ├── negotiator@0.5.3
184 silly idealTree:prePrune ├── node-uuid@1.4.7
184 silly idealTree:prePrune ├── normalize-path@2.0.1
184 silly idealTree:prePrune ├── oauth-sign@0.8.0
184 silly idealTree:prePrune ├── object.omit@2.0.0
184 silly idealTree:prePrune ├── on-finished@2.3.0
184 silly idealTree:prePrune ├── on-headers@1.0.1
184 silly idealTree:prePrune ├── once@1.3.3
184 silly idealTree:prePrune ├── opener@1.3.0
184 silly idealTree:prePrune ├── optimist@0.5.2
184 silly idealTree:prePrune ├── options@0.0.6
184 silly idealTree:prePrune ├── parse-glob@3.0.4
184 silly idealTree:prePrune ├── parseurl@1.3.1
184 silly idealTree:prePrune ├── path-is-absolute@1.0.0
184 silly idealTree:prePrune ├── pause@0.1.0
184 silly idealTree:prePrune ├── pkginfo@0.2.3
184 silly idealTree:prePrune ├── policyfile@0.0.4
184 silly idealTree:prePrune ├── portfinder@0.2.1
184 silly idealTree:prePrune ├── preserve@0.2.0
184 silly idealTree:prePrune ├── process-nextick-args@1.0.6
184 silly idealTree:prePrune ├─┬ protractor@2.5.1
184 silly idealTree:prePrune │ ├── glob@3.2.11
184 silly idealTree:prePrune │ ├── lodash@2.4.2
184 silly idealTree:prePrune │ ├── minimatch@0.3.0
184 silly idealTree:prePrune │ ├── optimist@0.6.1
184 silly idealTree:prePrune │ └── q@1.0.0
184 silly idealTree:prePrune ├── q@1.4.1
184 silly idealTree:prePrune ├── qs@0.5.6
184 silly idealTree:prePrune ├── random-bytes@1.0.0
184 silly idealTree:prePrune ├── randomatic@1.1.5
184 silly idealTree:prePrune ├── range-parser@1.0.3
184 silly idealTree:prePrune ├─┬ raw-body@2.1.5
184 silly idealTree:prePrune │ ├── bytes@2.2.0
184 silly idealTree:prePrune │ └── iconv-lite@0.4.13
184 silly idealTree:prePrune ├── readable-stream@2.0.5
184 silly idealTree:prePrune ├─┬ readdirp@2.0.0
184 silly idealTree:prePrune │ └── graceful-fs@4.1.2
184 silly idealTree:prePrune ├── redis@0.7.3
184 silly idealTree:prePrune ├── regex-cache@0.4.2
184 silly idealTree:prePrune ├── repeat-element@1.1.2
184 silly idealTree:prePrune ├── repeat-string@1.5.2
184 silly idealTree:prePrune ├─┬ request@2.57.0
184 silly idealTree:prePrune │ ├── mime-db@1.12.0
184 silly idealTree:prePrune │ ├── mime-types@2.0.14
184 silly idealTree:prePrune │ └── qs@3.1.0
184 silly idealTree:prePrune ├── response-time@2.3.1
184 silly idealTree:prePrune ├─┬ rimraf@2.5.1
184 silly idealTree:prePrune │ └── glob@6.0.4
184 silly idealTree:prePrune ├── rndm@1.2.0
184 silly idealTree:prePrune ├── saucelabs@1.0.1
184 silly idealTree:prePrune ├── sax@0.6.1
184 silly idealTree:prePrune ├── scmp@1.0.0
184 silly idealTree:prePrune ├─┬ selenium-webdriver@2.47.0
184 silly idealTree:prePrune │ └── ws@0.8.1
184 silly idealTree:prePrune ├── semver@4.3.6
184 silly idealTree:prePrune ├─┬ send@0.13.1
184 silly idealTree:prePrune │ ├── depd@1.1.0
184 silly idealTree:prePrune │ └── mime@1.3.4
184 silly idealTree:prePrune ├── serve-favicon@2.3.0
184 silly idealTree:prePrune ├── serve-index@1.7.3
184 silly idealTree:prePrune ├── serve-static@1.10.2
184 silly idealTree:prePrune ├── shelljs@0.2.6
184 silly idealTree:prePrune ├── sigmund@1.0.1
184 silly idealTree:prePrune ├── sntp@1.0.9
184 silly idealTree:prePrune ├── socket.io-client@0.9.16
184 silly idealTree:prePrune ├── socket.io@0.9.16
184 silly idealTree:prePrune ├─┬ source-map-support@0.2.10
184 silly idealTree:prePrune │ └── source-map@0.1.32
184 silly idealTree:prePrune ├── source-map@0.4.4
184 silly idealTree:prePrune ├── statuses@1.2.1
184 silly idealTree:prePrune ├─┬ stream-counter@0.2.0
184 silly idealTree:prePrune │ └── readable-stream@1.1.13
184 silly idealTree:prePrune ├── string_decoder@0.10.31
184 silly idealTree:prePrune ├── stringstream@0.0.5
184 silly idealTree:prePrune ├── strip-ansi@3.0.0
184 silly idealTree:prePrune ├── supports-color@2.0.0
184 silly idealTree:prePrune ├── tinycolor@0.0.1
184 silly idealTree:prePrune ├── tmp@0.0.24
184 silly idealTree:prePrune ├── tough-cookie@2.2.1
184 silly idealTree:prePrune ├── tunnel-agent@0.4.2
184 silly idealTree:prePrune ├── type-is@1.6.11
184 silly idealTree:prePrune ├── uglify-js@1.2.5
184 silly idealTree:prePrune ├── uid-safe@2.1.0
184 silly idealTree:prePrune ├── ultron@1.0.2
184 silly idealTree:prePrune ├── union@0.3.8
184 silly idealTree:prePrune ├── unpipe@1.0.0
184 silly idealTree:prePrune ├── useragent@2.1.8
184 silly idealTree:prePrune ├─┬ utf-8-validate@1.2.1
184 silly idealTree:prePrune │ └── nan@2.2.0
184 silly idealTree:prePrune ├── util-deprecate@1.0.2
184 silly idealTree:prePrune ├── utile@0.2.1
184 silly idealTree:prePrune ├── utils-merge@1.0.0
184 silly idealTree:prePrune ├── vary@1.0.1
184 silly idealTree:prePrune ├── vhost@3.0.2
184 silly idealTree:prePrune ├── which@1.2.4
184 silly idealTree:prePrune ├── wordwrap@0.0.3
184 silly idealTree:prePrune ├── wrappy@1.0.1
184 silly idealTree:prePrune ├── ws@0.4.32
184 silly idealTree:prePrune ├─┬ xml2js@0.4.4
184 silly idealTree:prePrune │ ├── lodash@4.1.0
184 silly idealTree:prePrune │ └── xmlbuilder@4.2.1
184 silly idealTree:prePrune ├── xmlbuilder@0.4.2
184 silly idealTree:prePrune ├── xmlhttprequest@1.4.2
184 silly idealTree:prePrune ├── xtend@4.0.1
184 silly idealTree:prePrune └── zeparser@0.0.5
185 silly loadIdealTree Finishing
186 silly currentTree angular-seed@0.0.0
186 silly currentTree ├── accepts@1.2.13
186 silly currentTree ├── accessibility-developer-tools@2.6.0
186 silly currentTree ├── active-x-obfuscator@0.0.1
186 silly currentTree ├── adm-zip@0.4.4
186 silly currentTree ├─┬ agent-base@2.0.1
186 silly currentTree │ └── semver@5.0.3
186 silly currentTree ├── amdefine@1.0.0
186 silly currentTree ├── ansi-regex@2.0.0
186 silly currentTree ├── ansi-styles@2.1.0
186 silly currentTree ├── anymatch@1.3.0
186 silly currentTree ├── arr-diff@2.0.0
186 silly currentTree ├── arr-flatten@1.0.1
186 silly currentTree ├── array-unique@0.2.1
186 silly currentTree ├── arrify@1.0.1
186 silly currentTree ├── asn1@0.1.11
186 silly currentTree ├── assert-plus@0.1.5
186 silly currentTree ├── async-each@0.1.6
186 silly currentTree ├── async@0.2.10
186 silly currentTree ├── aws-sign2@0.5.0
186 silly currentTree ├── balanced-match@0.3.0
186 silly currentTree ├── base64-url@1.2.1
186 silly currentTree ├── base64id@0.1.0
186 silly currentTree ├── basic-auth-connect@1.0.0
186 silly currentTree ├── basic-auth@1.0.3
186 silly currentTree ├── batch@0.5.3
186 silly currentTree ├── binary-extensions@1.4.0
186 silly currentTree ├─┬ bl@0.9.5
186 silly currentTree │ └── readable-stream@1.0.33
186 silly currentTree ├── bluebird@2.10.2
186 silly currentTree ├─┬ body-parser@1.13.3
186 silly currentTree │ └── qs@4.0.0
186 silly currentTree ├── boom@2.10.1
186 silly currentTree ├── bower@1.7.7
186 silly currentTree ├── brace-expansion@1.1.2
186 silly currentTree ├── braces@1.8.3
186 silly currentTree ├── bytes@2.1.0
186 silly currentTree ├── caseless@0.10.0
186 silly currentTree ├── chalk@1.1.1
186 silly currentTree ├── chokidar@1.4.2
186 silly currentTree ├── colors@0.6.2
186 silly currentTree ├── combined-stream@1.0.5
186 silly currentTree ├── commander@2.1.0
186 silly currentTree ├── compressible@2.0.7
186 silly currentTree ├── compression@1.5.2
186 silly currentTree ├── concat-map@0.0.1
186 silly currentTree ├── connect-timeout@1.6.2
186 silly currentTree ├─┬ connect@2.30.2
186 silly currentTree │ └── qs@4.0.0
186 silly currentTree ├── content-type@1.0.1
186 silly currentTree ├── cookie-parser@1.3.5
186 silly currentTree ├── cookie-signature@1.0.6
186 silly currentTree ├── cookie@0.1.3
186 silly currentTree ├── core-util-is@1.0.2
186 silly currentTree ├── crc@3.3.0
186 silly currentTree ├── cryptiles@2.0.5
186 silly currentTree ├── csrf@3.0.1
186 silly currentTree ├── csurf@1.8.3
186 silly currentTree ├── ctype@0.5.3
186 silly currentTree ├── debug@2.2.0
186 silly currentTree ├── deep-equal@1.0.1
186 silly currentTree ├── delayed-stream@1.0.0
186 silly currentTree ├── depd@1.0.1
186 silly currentTree ├── destroy@1.0.4
186 silly currentTree ├── di@0.0.1
186 silly currentTree ├─┬ ecstatic@0.4.13
186 silly currentTree │ └── optimist@0.3.7
186 silly currentTree ├── ee-first@1.1.1
186 silly currentTree ├── ent@0.0.7
186 silly currentTree ├─┬ errorhandler@1.4.3
186 silly currentTree │ ├── accepts@1.3.1
186 silly currentTree │ └── negotiator@0.6.0
186 silly currentTree ├── escape-html@1.0.3
186 silly currentTree ├── escape-string-regexp@1.0.4
186 silly currentTree ├── etag@1.7.0
186 silly currentTree ├── exit@0.1.2
186 silly currentTree ├── expand-brackets@0.1.4
186 silly currentTree ├── expand-range@1.8.1
186 silly currentTree ├─┬ express-session@1.11.3
186 silly currentTree │ └── uid-safe@2.0.0
186 silly currentTree ├── extend@3.0.0
186 silly currentTree ├── extglob@0.3.2
186 silly currentTree ├── filename-regex@2.0.0
186 silly currentTree ├── fill-range@2.2.3
186 silly currentTree ├─┬ finalhandler@0.4.0
186 silly currentTree │ └── escape-html@1.0.2
186 silly currentTree ├── for-in@0.1.4
186 silly currentTree ├── for-own@0.1.3
186 silly currentTree ├── forever-agent@0.6.1
186 silly currentTree ├─┬ form-data@0.2.0
186 silly currentTree │ ├── async@0.9.2
186 silly currentTree │ ├── combined-stream@0.0.7
186 silly currentTree │ ├── delayed-stream@0.0.5
186 silly currentTree │ ├── mime-db@1.12.0
186 silly currentTree │ └── mime-types@2.0.14
186 silly currentTree ├── fresh@0.3.0
186 silly currentTree ├── generate-function@2.0.0
186 silly currentTree ├── generate-object-property@1.2.0
186 silly currentTree ├── glob-base@0.3.0
186 silly currentTree ├── glob-parent@2.0.0
186 silly currentTree ├── glob@5.0.15
186 silly currentTree ├── graceful-fs@3.0.8
186 silly currentTree ├── graceful-readlink@1.0.1
186 silly currentTree ├─┬ har-validator@1.8.0
186 silly currentTree │ └── commander@2.9.0
186 silly currentTree ├── has-ansi@2.0.0
186 silly currentTree ├── hawk@2.3.1
186 silly currentTree ├── hoek@2.16.3
186 silly currentTree ├── html-entities@1.1.3
186 silly currentTree ├── http-errors@1.3.1
186 silly currentTree ├─┬ http-proxy@0.10.4
186 silly currentTree │ ├── optimist@0.6.1
186 silly currentTree │ └── pkginfo@0.3.1
186 silly currentTree ├── http-server@0.6.1
186 silly currentTree ├── http-signature@0.11.0
186 silly currentTree ├── https-proxy-agent@1.0.0
186 silly currentTree ├── i@0.3.4
186 silly currentTree ├── iconv-lite@0.4.11
186 silly currentTree ├── inflight@1.0.4
186 silly currentTree ├── inherits@2.0.1
186 silly currentTree ├── is-absolute@0.1.7
186 silly currentTree ├── is-binary-path@1.0.1
186 silly currentTree ├── is-buffer@1.1.2
186 silly currentTree ├── is-dotfile@1.0.2
186 silly currentTree ├── is-equal-shallow@0.1.3
186 silly currentTree ├── is-extendable@0.1.1
186 silly currentTree ├── is-extglob@1.0.0
186 silly currentTree ├── is-glob@2.0.1
186 silly currentTree ├── is-my-json-valid@2.12.4
186 silly currentTree ├── is-number@2.1.0
186 silly currentTree ├── is-primitive@2.0.0
186 silly currentTree ├── is-property@1.0.2
186 silly currentTree ├── is-relative@0.1.3
186 silly currentTree ├── isarray@0.0.1
186 silly currentTree ├── isexe@1.1.1
186 silly currentTree ├── isobject@2.0.0
186 silly currentTree ├── isstream@0.1.2
186 silly currentTree ├── jasmine-core@2.4.1
186 silly currentTree ├─┬ jasmine@2.3.2
186 silly currentTree │ ├── glob@3.2.11
186 silly currentTree │ ├── jasmine-core@2.3.4
186 silly currentTree │ └── minimatch@0.3.0
186 silly currentTree ├── jasminewd@1.1.0
186 silly currentTree ├── jasminewd2@0.0.6
186 silly currentTree ├── json-stringify-safe@5.0.1
186 silly currentTree ├── jsonpointer@2.0.0
186 silly currentTree ├── karma-chrome-launcher@0.1.12
186 silly currentTree ├── karma-firefox-launcher@0.1.7
186 silly currentTree ├── karma-jasmine@0.3.6
186 silly currentTree ├── karma-junit-reporter@0.2.2
186 silly currentTree ├─┬ karma@0.12.37
186 silly currentTree │ ├── colors@1.1.2
186 silly currentTree │ ├── mime@1.3.4
186 silly currentTree │ └── optimist@0.6.1
186 silly currentTree ├── kind-of@3.0.2
186 silly currentTree ├── lodash@3.10.1
186 silly currentTree ├─┬ log4js@0.6.30
186 silly currentTree │ └── readable-stream@1.0.33
186 silly currentTree ├── lru-cache@2.2.4
186 silly currentTree ├── media-typer@0.3.0
186 silly currentTree ├── method-override@2.3.5
186 silly currentTree ├── methods@1.1.2
186 silly currentTree ├── micromatch@2.3.7
186 silly currentTree ├── mime-db@1.21.0
186 silly currentTree ├── mime-types@2.1.9
186 silly currentTree ├── mime@1.2.11
186 silly currentTree ├── minijasminenode@1.1.1
186 silly currentTree ├── minimatch@2.0.10
186 silly currentTree ├── minimist@0.0.10
186 silly currentTree ├── mkdirp@0.0.7
186 silly currentTree ├── morgan@1.6.1
186 silly currentTree ├── ms@0.7.1
186 silly currentTree ├─┬ multiparty@3.3.2
186 silly currentTree │ └── readable-stream@1.1.13
186 silly currentTree ├── nan@1.0.0
186 silly currentTree ├── ncp@0.4.2
186 silly currentTree ├── negotiator@0.5.3
186 silly currentTree ├── node-uuid@1.4.7
186 silly currentTree ├── normalize-path@2.0.1
186 silly currentTree ├── oauth-sign@0.8.0
186 silly currentTree ├── object.omit@2.0.0
186 silly currentTree ├── on-finished@2.3.0
186 silly currentTree ├── on-headers@1.0.1
186 silly currentTree ├── once@1.3.3
186 silly currentTree ├── opener@1.3.0
186 silly currentTree ├── optimist@0.5.2
186 silly currentTree ├── options@0.0.6
186 silly currentTree ├── parse-glob@3.0.4
186 silly currentTree ├── parseurl@1.3.1
186 silly currentTree ├── path-is-absolute@1.0.0
186 silly currentTree ├── pause@0.1.0
186 silly currentTree ├── pkginfo@0.2.3
186 silly currentTree ├── policyfile@0.0.4
186 silly currentTree ├── portfinder@0.2.1
186 silly currentTree ├── preserve@0.2.0
186 silly currentTree ├── process-nextick-args@1.0.6
186 silly currentTree ├─┬ protractor@2.5.1
186 silly currentTree │ ├── glob@3.2.11
186 silly currentTree │ ├── lodash@2.4.2
186 silly currentTree │ ├── minimatch@0.3.0
186 silly currentTree │ ├── optimist@0.6.1
186 silly currentTree │ └── q@1.0.0
186 silly currentTree ├── q@1.4.1
186 silly currentTree ├── qs@0.5.6
186 silly currentTree ├── random-bytes@1.0.0
186 silly currentTree ├── randomatic@1.1.5
186 silly currentTree ├── range-parser@1.0.3
186 silly currentTree ├─┬ raw-body@2.1.5
186 silly currentTree │ ├── bytes@2.2.0
186 silly currentTree │ └── iconv-lite@0.4.13
186 silly currentTree ├── readable-stream@2.0.5
186 silly currentTree ├─┬ readdirp@2.0.0
186 silly currentTree │ └── graceful-fs@4.1.2
186 silly currentTree ├── redis@0.7.3
186 silly currentTree ├── regex-cache@0.4.2
186 silly currentTree ├── repeat-element@1.1.2
186 silly currentTree ├── repeat-string@1.5.2
186 silly currentTree ├─┬ request@2.57.0
186 silly currentTree │ ├── mime-db@1.12.0
186 silly currentTree │ ├── mime-types@2.0.14
186 silly currentTree │ └── qs@3.1.0
186 silly currentTree ├── response-time@2.3.1
186 silly currentTree ├─┬ rimraf@2.5.1
186 silly currentTree │ └── glob@6.0.4
186 silly currentTree ├── rndm@1.2.0
186 silly currentTree ├── saucelabs@1.0.1
186 silly currentTree ├── sax@0.6.1
186 silly currentTree ├── scmp@1.0.0
186 silly currentTree ├─┬ selenium-webdriver@2.47.0
186 silly currentTree │ └── ws@0.8.1
186 silly currentTree ├── semver@4.3.6
186 silly currentTree ├─┬ send@0.13.1
186 silly currentTree │ ├── depd@1.1.0
186 silly currentTree │ └── mime@1.3.4
186 silly currentTree ├── serve-favicon@2.3.0
186 silly currentTree ├── serve-index@1.7.3
186 silly currentTree ├── serve-static@1.10.2
186 silly currentTree ├── shelljs@0.2.6
186 silly currentTree ├── sigmund@1.0.1
186 silly currentTree ├── sntp@1.0.9
186 silly currentTree ├── socket.io-client@0.9.16
186 silly currentTree ├── socket.io@0.9.16
186 silly currentTree ├─┬ source-map-support@0.2.10
186 silly currentTree │ └── source-map@0.1.32
186 silly currentTree ├── source-map@0.4.4
186 silly currentTree ├── statuses@1.2.1
186 silly currentTree ├─┬ stream-counter@0.2.0
186 silly currentTree │ └── readable-stream@1.1.13
186 silly currentTree ├── string_decoder@0.10.31
186 silly currentTree ├── stringstream@0.0.5
186 silly currentTree ├── strip-ansi@3.0.0
186 silly currentTree ├── supports-color@2.0.0
186 silly currentTree ├── tinycolor@0.0.1
186 silly currentTree ├── tmp@0.0.24
186 silly currentTree ├── tough-cookie@2.2.1
186 silly currentTree ├── tunnel-agent@0.4.2
186 silly currentTree ├── type-is@1.6.11
186 silly currentTree ├── uglify-js@1.2.5
186 silly currentTree ├── uid-safe@2.1.0
186 silly currentTree ├── ultron@1.0.2
186 silly currentTree ├── union@0.3.8
186 silly currentTree ├── unpipe@1.0.0
186 silly currentTree ├── useragent@2.1.8
186 silly currentTree ├── util-deprecate@1.0.2
186 silly currentTree ├── utile@0.2.1
186 silly currentTree ├── utils-merge@1.0.0
186 silly currentTree ├── vary@1.0.1
186 silly currentTree ├── vhost@3.0.2
186 silly currentTree ├── which@1.2.4
186 silly currentTree ├── wordwrap@0.0.3
186 silly currentTree ├── wrappy@1.0.1
186 silly currentTree ├── ws@0.4.32
186 silly currentTree ├─┬ xml2js@0.4.4
186 silly currentTree │ ├── lodash@4.1.0
186 silly currentTree │ └── xmlbuilder@4.2.1
186 silly currentTree ├── xmlbuilder@0.4.2
186 silly currentTree ├── xmlhttprequest@1.4.2
186 silly currentTree ├── xtend@4.0.1
186 silly currentTree └── zeparser@0.0.5
187 silly idealTree angular-seed@0.0.0
187 silly idealTree ├── accepts@1.2.13
187 silly idealTree ├── accessibility-developer-tools@2.6.0
187 silly idealTree ├── active-x-obfuscator@0.0.1
187 silly idealTree ├── adm-zip@0.4.4
187 silly idealTree ├─┬ agent-base@2.0.1
187 silly idealTree │ └── semver@5.0.3
187 silly idealTree ├── amdefine@1.0.0
187 silly idealTree ├── ansi-regex@2.0.0
187 silly idealTree ├── ansi-styles@2.1.0
187 silly idealTree ├── anymatch@1.3.0
187 silly idealTree ├── arr-diff@2.0.0
187 silly idealTree ├── arr-flatten@1.0.1
187 silly idealTree ├── array-unique@0.2.1
187 silly idealTree ├── arrify@1.0.1
187 silly idealTree ├── asn1@0.1.11
187 silly idealTree ├── assert-plus@0.1.5
187 silly idealTree ├── async-each@0.1.6
187 silly idealTree ├── async@0.2.10
187 silly idealTree ├── aws-sign2@0.5.0
187 silly idealTree ├── balanced-match@0.3.0
187 silly idealTree ├── base64-url@1.2.1
187 silly idealTree ├── base64id@0.1.0
187 silly idealTree ├── basic-auth-connect@1.0.0
187 silly idealTree ├── basic-auth@1.0.3
187 silly idealTree ├── batch@0.5.3
187 silly idealTree ├── binary-extensions@1.4.0
187 silly idealTree ├── bindings@1.2.1
187 silly idealTree ├─┬ bl@0.9.5
187 silly idealTree │ └── readable-stream@1.0.33
187 silly idealTree ├── bluebird@2.10.2
187 silly idealTree ├─┬ body-parser@1.13.3
187 silly idealTree │ └── qs@4.0.0
187 silly idealTree ├── boom@2.10.1
187 silly idealTree ├── bower@1.7.7
187 silly idealTree ├── brace-expansion@1.1.2
187 silly idealTree ├── braces@1.8.3
187 silly idealTree ├─┬ bufferutil@1.2.1
187 silly idealTree │ └── nan@2.2.0
187 silly idealTree ├── bytes@2.1.0
187 silly idealTree ├── caseless@0.10.0
187 silly idealTree ├── chalk@1.1.1
187 silly idealTree ├── chokidar@1.4.2
187 silly idealTree ├── colors@0.6.2
187 silly idealTree ├── combined-stream@1.0.5
187 silly idealTree ├── commander@2.1.0
187 silly idealTree ├── compressible@2.0.7
187 silly idealTree ├── compression@1.5.2
187 silly idealTree ├── concat-map@0.0.1
187 silly idealTree ├── connect-timeout@1.6.2
187 silly idealTree ├─┬ connect@2.30.2
187 silly idealTree │ └── qs@4.0.0
187 silly idealTree ├── content-type@1.0.1
187 silly idealTree ├── cookie-parser@1.3.5
187 silly idealTree ├── cookie-signature@1.0.6
187 silly idealTree ├── cookie@0.1.3
187 silly idealTree ├── core-util-is@1.0.2
187 silly idealTree ├── crc@3.3.0
187 silly idealTree ├── cryptiles@2.0.5
187 silly idealTree ├── csrf@3.0.1
187 silly idealTree ├── csurf@1.8.3
187 silly idealTree ├── ctype@0.5.3
187 silly idealTree ├── debug@2.2.0
187 silly idealTree ├── deep-equal@1.0.1
187 silly idealTree ├── delayed-stream@1.0.0
187 silly idealTree ├── depd@1.0.1
187 silly idealTree ├── destroy@1.0.4
187 silly idealTree ├── di@0.0.1
187 silly idealTree ├─┬ ecstatic@0.4.13
187 silly idealTree │ └── optimist@0.3.7
187 silly idealTree ├── ee-first@1.1.1
187 silly idealTree ├── ent@0.0.7
187 silly idealTree ├─┬ errorhandler@1.4.3
187 silly idealTree │ ├── accepts@1.3.1
187 silly idealTree │ └── negotiator@0.6.0
187 silly idealTree ├── escape-html@1.0.3
187 silly idealTree ├── escape-string-regexp@1.0.4
187 silly idealTree ├── etag@1.7.0
187 silly idealTree ├── exit@0.1.2
187 silly idealTree ├── expand-brackets@0.1.4
187 silly idealTree ├── expand-range@1.8.1
187 silly idealTree ├─┬ express-session@1.11.3
187 silly idealTree │ └── uid-safe@2.0.0
187 silly idealTree ├── extend@3.0.0
187 silly idealTree ├── extglob@0.3.2
187 silly idealTree ├── filename-regex@2.0.0
187 silly idealTree ├── fill-range@2.2.3
187 silly idealTree ├─┬ finalhandler@0.4.0
187 silly idealTree │ └── escape-html@1.0.2
187 silly idealTree ├── for-in@0.1.4
187 silly idealTree ├── for-own@0.1.3
187 silly idealTree ├── forever-agent@0.6.1
187 silly idealTree ├─┬ form-data@0.2.0
187 silly idealTree │ ├── async@0.9.2
187 silly idealTree │ ├── combined-stream@0.0.7
187 silly idealTree │ ├── delayed-stream@0.0.5
187 silly idealTree │ ├── mime-db@1.12.0
187 silly idealTree │ └── mime-types@2.0.14
187 silly idealTree ├── fresh@0.3.0
187 silly idealTree ├── generate-function@2.0.0
187 silly idealTree ├── generate-object-property@1.2.0
187 silly idealTree ├── glob-base@0.3.0
187 silly idealTree ├── glob-parent@2.0.0
187 silly idealTree ├── glob@5.0.15
187 silly idealTree ├── graceful-fs@3.0.8
187 silly idealTree ├── graceful-readlink@1.0.1
187 silly idealTree ├─┬ har-validator@1.8.0
187 silly idealTree │ └── commander@2.9.0
187 silly idealTree ├── has-ansi@2.0.0
187 silly idealTree ├── hawk@2.3.1
187 silly idealTree ├── hoek@2.16.3
187 silly idealTree ├── html-entities@1.1.3
187 silly idealTree ├── http-errors@1.3.1
187 silly idealTree ├─┬ http-proxy@0.10.4
187 silly idealTree │ ├── optimist@0.6.1
187 silly idealTree │ └── pkginfo@0.3.1
187 silly idealTree ├── http-server@0.6.1
187 silly idealTree ├── http-signature@0.11.0
187 silly idealTree ├── https-proxy-agent@1.0.0
187 silly idealTree ├── i@0.3.4
187 silly idealTree ├── iconv-lite@0.4.11
187 silly idealTree ├── inflight@1.0.4
187 silly idealTree ├── inherits@2.0.1
187 silly idealTree ├── is-absolute@0.1.7
187 silly idealTree ├── is-binary-path@1.0.1
187 silly idealTree ├── is-buffer@1.1.2
187 silly idealTree ├── is-dotfile@1.0.2
187 silly idealTree ├── is-equal-shallow@0.1.3
187 silly idealTree ├── is-extendable@0.1.1
187 silly idealTree ├── is-extglob@1.0.0
187 silly idealTree ├── is-glob@2.0.1
187 silly idealTree ├── is-my-json-valid@2.12.4
187 silly idealTree ├── is-number@2.1.0
187 silly idealTree ├── is-primitive@2.0.0
187 silly idealTree ├── is-property@1.0.2
187 silly idealTree ├── is-relative@0.1.3
187 silly idealTree ├── isarray@0.0.1
187 silly idealTree ├── isexe@1.1.1
187 silly idealTree ├── isobject@2.0.0
187 silly idealTree ├── isstream@0.1.2
187 silly idealTree ├── jasmine-core@2.4.1
187 silly idealTree ├─┬ jasmine@2.3.2
187 silly idealTree │ ├── glob@3.2.11
187 silly idealTree │ ├── jasmine-core@2.3.4
187 silly idealTree │ └── minimatch@0.3.0
187 silly idealTree ├── jasminewd@1.1.0
187 silly idealTree ├── jasminewd2@0.0.6
187 silly idealTree ├── json-stringify-safe@5.0.1
187 silly idealTree ├── jsonpointer@2.0.0
187 silly idealTree ├── karma-chrome-launcher@0.1.12
187 silly idealTree ├── karma-firefox-launcher@0.1.7
187 silly idealTree ├── karma-jasmine@0.3.6
187 silly idealTree ├── karma-junit-reporter@0.2.2
187 silly idealTree ├─┬ karma@0.12.37
187 silly idealTree │ ├── colors@1.1.2
187 silly idealTree │ ├── mime@1.3.4
187 silly idealTree │ └── optimist@0.6.1
187 silly idealTree ├── kind-of@3.0.2
187 silly idealTree ├── lodash@3.10.1
187 silly idealTree ├─┬ log4js@0.6.30
187 silly idealTree │ └── readable-stream@1.0.33
187 silly idealTree ├── lru-cache@2.2.4
187 silly idealTree ├── media-typer@0.3.0
187 silly idealTree ├── method-override@2.3.5
187 silly idealTree ├── methods@1.1.2
187 silly idealTree ├── micromatch@2.3.7
187 silly idealTree ├── mime-db@1.21.0
187 silly idealTree ├── mime-types@2.1.9
187 silly idealTree ├── mime@1.2.11
187 silly idealTree ├── minijasminenode@1.1.1
187 silly idealTree ├── minimatch@2.0.10
187 silly idealTree ├── minimist@0.0.10
187 silly idealTree ├── mkdirp@0.0.7
187 silly idealTree ├── morgan@1.6.1
187 silly idealTree ├── ms@0.7.1
187 silly idealTree ├─┬ multiparty@3.3.2
187 silly idealTree │ └── readable-stream@1.1.13
187 silly idealTree ├── nan@1.0.0
187 silly idealTree ├── ncp@0.4.2
187 silly idealTree ├── negotiator@0.5.3
187 silly idealTree ├── node-uuid@1.4.7
187 silly idealTree ├── normalize-path@2.0.1
187 silly idealTree ├── oauth-sign@0.8.0
187 silly idealTree ├── object.omit@2.0.0
187 silly idealTree ├── on-finished@2.3.0
187 silly idealTree ├── on-headers@1.0.1
187 silly idealTree ├── once@1.3.3
187 silly idealTree ├── opener@1.3.0
187 silly idealTree ├── optimist@0.5.2
187 silly idealTree ├── options@0.0.6
187 silly idealTree ├── parse-glob@3.0.4
187 silly idealTree ├── parseurl@1.3.1
187 silly idealTree ├── path-is-absolute@1.0.0
187 silly idealTree ├── pause@0.1.0
187 silly idealTree ├── pkginfo@0.2.3
187 silly idealTree ├── policyfile@0.0.4
187 silly idealTree ├── portfinder@0.2.1
187 silly idealTree ├── preserve@0.2.0
187 silly idealTree ├── process-nextick-args@1.0.6
187 silly idealTree ├─┬ protractor@2.5.1
187 silly idealTree │ ├── glob@3.2.11
187 silly idealTree │ ├── lodash@2.4.2
187 silly idealTree │ ├── minimatch@0.3.0
187 silly idealTree │ ├── optimist@0.6.1
187 silly idealTree │ └── q@1.0.0
187 silly idealTree ├── q@1.4.1
187 silly idealTree ├── qs@0.5.6
187 silly idealTree ├── random-bytes@1.0.0
187 silly idealTree ├── randomatic@1.1.5
187 silly idealTree ├── range-parser@1.0.3
187 silly idealTree ├─┬ raw-body@2.1.5
187 silly idealTree │ ├── bytes@2.2.0
187 silly idealTree │ └── iconv-lite@0.4.13
187 silly idealTree ├── readable-stream@2.0.5
187 silly idealTree ├─┬ readdirp@2.0.0
187 silly idealTree │ └── graceful-fs@4.1.2
187 silly idealTree ├── redis@0.7.3
187 silly idealTree ├── regex-cache@0.4.2
187 silly idealTree ├── repeat-element@1.1.2
187 silly idealTree ├── repeat-string@1.5.2
187 silly idealTree ├─┬ request@2.57.0
187 silly idealTree │ ├── mime-db@1.12.0
187 silly idealTree │ ├── mime-types@2.0.14
187 silly idealTree │ └── qs@3.1.0
187 silly idealTree ├── response-time@2.3.1
187 silly idealTree ├─┬ rimraf@2.5.1
187 silly idealTree │ └── glob@6.0.4
187 silly idealTree ├── rndm@1.2.0
187 silly idealTree ├── saucelabs@1.0.1
187 silly idealTree ├── sax@0.6.1
187 silly idealTree ├── scmp@1.0.0
187 silly idealTree ├─┬ selenium-webdriver@2.47.0
187 silly idealTree │ └── ws@0.8.1
187 silly idealTree ├── semver@4.3.6
187 silly idealTree ├─┬ send@0.13.1
187 silly idealTree │ ├── depd@1.1.0
187 silly idealTree │ └── mime@1.3.4
187 silly idealTree ├── serve-favicon@2.3.0
187 silly idealTree ├── serve-index@1.7.3
187 silly idealTree ├── serve-static@1.10.2
187 silly idealTree ├── shelljs@0.2.6
187 silly idealTree ├── sigmund@1.0.1
187 silly idealTree ├── sntp@1.0.9
187 silly idealTree ├── socket.io-client@0.9.16
187 silly idealTree ├── socket.io@0.9.16
187 silly idealTree ├─┬ source-map-support@0.2.10
187 silly idealTree │ └── source-map@0.1.32
187 silly idealTree ├── source-map@0.4.4
187 silly idealTree ├── statuses@1.2.1
187 silly idealTree ├─┬ stream-counter@0.2.0
187 silly idealTree │ └── readable-stream@1.1.13
187 silly idealTree ├── string_decoder@0.10.31
187 silly idealTree ├── stringstream@0.0.5
187 silly idealTree ├── strip-ansi@3.0.0
187 silly idealTree ├── supports-color@2.0.0
187 silly idealTree ├── tinycolor@0.0.1
187 silly idealTree ├── tmp@0.0.24
187 silly idealTree ├── tough-cookie@2.2.1
187 silly idealTree ├── tunnel-agent@0.4.2
187 silly idealTree ├── type-is@1.6.11
187 silly idealTree ├── uglify-js@1.2.5
187 silly idealTree ├── uid-safe@2.1.0
187 silly idealTree ├── ultron@1.0.2
187 silly idealTree ├── union@0.3.8
187 silly idealTree ├── unpipe@1.0.0
187 silly idealTree ├── useragent@2.1.8
187 silly idealTree ├─┬ utf-8-validate@1.2.1
187 silly idealTree │ └── nan@2.2.0
187 silly idealTree ├── util-deprecate@1.0.2
187 silly idealTree ├── utile@0.2.1
187 silly idealTree ├── utils-merge@1.0.0
187 silly idealTree ├── vary@1.0.1
187 silly idealTree ├── vhost@3.0.2
187 silly idealTree ├── which@1.2.4
187 silly idealTree ├── wordwrap@0.0.3
187 silly idealTree ├── wrappy@1.0.1
187 silly idealTree ├── ws@0.4.32
187 silly idealTree ├─┬ xml2js@0.4.4
187 silly idealTree │ ├── lodash@4.1.0
187 silly idealTree │ └── xmlbuilder@4.2.1
187 silly idealTree ├── xmlbuilder@0.4.2
187 silly idealTree ├── xmlhttprequest@1.4.2
187 silly idealTree ├── xtend@4.0.1
187 silly idealTree └── zeparser@0.0.5
188 silly generateActionsToTake Starting
189 silly install generateActionsToTake
190 silly generateActionsToTake Finishing
191 silly diffTrees action count 5
192 silly diffTrees add bindings@1.2.1
193 silly diffTrees add nan@2.2.0
194 silly diffTrees add bufferutil@1.2.1
195 silly diffTrees add nan@2.2.0
196 silly diffTrees add utf-8-validate@1.2.1
197 silly decomposeActions action count 40
198 silly decomposeActions fetch bindings@1.2.1
199 silly decomposeActions extract bindings@1.2.1
200 silly decomposeActions preinstall bindings@1.2.1
201 silly decomposeActions build bindings@1.2.1
202 silly decomposeActions install bindings@1.2.1
203 silly decomposeActions postinstall bindings@1.2.1
204 silly decomposeActions test bindings@1.2.1
205 silly decomposeActions finalize bindings@1.2.1
206 silly decomposeActions fetch nan@2.2.0
207 silly decomposeActions extract nan@2.2.0
208 silly decomposeActions preinstall nan@2.2.0
209 silly decomposeActions build nan@2.2.0
210 silly decomposeActions install nan@2.2.0
211 silly decomposeActions postinstall nan@2.2.0
212 silly decomposeActions test nan@2.2.0
213 silly decomposeActions finalize nan@2.2.0
214 silly decomposeActions fetch bufferutil@1.2.1
215 silly decomposeActions extract bufferutil@1.2.1
216 silly decomposeActions preinstall bufferutil@1.2.1
217 silly decomposeActions build bufferutil@1.2.1
218 silly decomposeActions install bufferutil@1.2.1
219 silly decomposeActions postinstall bufferutil@1.2.1
220 silly decomposeActions test bufferutil@1.2.1
221 silly decomposeActions finalize bufferutil@1.2.1
222 silly decomposeActions fetch nan@2.2.0
223 silly decomposeActions extract nan@2.2.0
224 silly decomposeActions preinstall nan@2.2.0
225 silly decomposeActions build nan@2.2.0
226 silly decomposeActions install nan@2.2.0
227 silly decomposeActions postinstall nan@2.2.0
228 silly decomposeActions test nan@2.2.0
229 silly decomposeActions finalize nan@2.2.0
230 silly decomposeActions fetch utf-8-validate@1.2.1
231 silly decomposeActions extract utf-8-validate@1.2.1
232 silly decomposeActions preinstall utf-8-validate@1.2.1
233 silly decomposeActions build utf-8-validate@1.2.1
234 silly decomposeActions install utf-8-validate@1.2.1
235 silly decomposeActions postinstall utf-8-validate@1.2.1
236 silly decomposeActions test utf-8-validate@1.2.1
237 silly decomposeActions finalize utf-8-validate@1.2.1
238 silly executeActions Starting
239 silly install executeActions
240 silly doSerial global-install 0
241 silly doParallel fetch 5
242 verbose lock using C:\Users\THEN NHAI\AppData\Roaming\npm-cache\_locks\staging-8e8d4fcd5a42b5ff.lock for C:\Users\THEN NHAI\Documents\Project-Final\angular-seed-master\node_modules\.staging
243 silly doParallel extract 5
244 silly extract bindings@1.2.1
245 silly extract nan@2.2.0
246 silly extract bufferutil@1.2.1
247 silly extract nan@2.2.0
248 silly extract utf-8-validate@1.2.1
249 verbose unbuild node_modules\.staging\bindings-e221842ef1d1f415e6f305bdcfeec8a2
250 verbose unbuild node_modules\.staging\nan-2398459b924180a9439ef4fb01b24c26
251 verbose unbuild node_modules\.staging\bufferutil-ac352b312216dea418f90bf78d420690
252 verbose unbuild node_modules\.staging\nan-4cd9f9e560e762ec465c2cde0722d7a3
253 verbose unbuild node_modules\.staging\utf-8-validate-430f134680e0c0c26f902a2b7de48fd1
254 silly gentlyRm C:\Users\THEN NHAI\Documents\Project-Final\angular-seed-master\node_modules\.staging\bindings-e221842ef1d1f415e6f305bdcfeec8a2 is being purged from base C:\Users\THEN NHAI\Documents\Project-Final\angular-seed-master
255 silly gentlyRm C:\Users\THEN NHAI\Documents\Project-Final\angular-seed-master\node_modules\.staging\nan-2398459b924180a9439ef4fb01b24c26 is being purged from base C:\Users\THEN NHAI\Documents\Project-Final\angular-seed-master
256 silly gentlyRm C:\Users\THEN NHAI\Documents\Project-Final\angular-seed-master\node_modules\.staging\bufferutil-ac352b312216dea418f90bf78d420690 is being purged from base C:\Users\THEN NHAI\Documents\Project-Final\angular-seed-master
257 silly gentlyRm C:\Users\THEN NHAI\Documents\Project-Final\angular-seed-master\node_modules\.staging\nan-4cd9f9e560e762ec465c2cde0722d7a3 is being purged from base C:\Users\THEN NHAI\Documents\Project-Final\angular-seed-master
258 verbose gentlyRm don't care about contents; nuking C:\Users\THEN NHAI\Documents\Project-Final\angular-seed-master\node_modules\.staging\bindings-e221842ef1d1f415e6f305bdcfeec8a2
259 silly gentlyRm C:\Users\THEN NHAI\Documents\Project-Final\angular-seed-master\node_modules\.staging\utf-8-validate-430f134680e0c0c26f902a2b7de48fd1 is being purged from base C:\Users\THEN NHAI\Documents\Project-Final\angular-seed-master
260 verbose gentlyRm don't care about contents; nuking C:\Users\THEN NHAI\Documents\Project-Final\angular-seed-master\node_modules\.staging\nan-2398459b924180a9439ef4fb01b24c26
261 verbose gentlyRm don't care about contents; nuking C:\Users\THEN NHAI\Documents\Project-Final\angular-seed-master\node_modules\.staging\bufferutil-ac352b312216dea418f90bf78d420690
262 verbose gentlyRm don't care about contents; nuking C:\Users\THEN NHAI\Documents\Project-Final\angular-seed-master\node_modules\.staging\nan-4cd9f9e560e762ec465c2cde0722d7a3
263 verbose tar unpack C:\Users\THEN NHAI\AppData\Roaming\npm-cache\bindings\1.2.1\package.tgz
264 verbose tar unpacking to C:\Users\THEN NHAI\Documents\Project-Final\angular-seed-master\node_modules\.staging\bindings-e221842ef1d1f415e6f305bdcfeec8a2
265 silly gentlyRm C:\Users\THEN NHAI\Documents\Project-Final\angular-seed-master\node_modules\.staging\bindings-e221842ef1d1f415e6f305bdcfeec8a2 is being purged
266 verbose gentlyRm don't care about contents; nuking C:\Users\THEN NHAI\Documents\Project-Final\angular-seed-master\node_modules\.staging\utf-8-validate-430f134680e0c0c26f902a2b7de48fd1
267 verbose tar unpack C:\Users\THEN NHAI\AppData\Roaming\npm-cache\nan\2.2.0\package.tgz
268 verbose tar unpacking to C:\Users\THEN NHAI\Documents\Project-Final\angular-seed-master\node_modules\.staging\nan-2398459b924180a9439ef4fb01b24c26
269 silly gentlyRm C:\Users\THEN NHAI\Documents\Project-Final\angular-seed-master\node_modules\.staging\nan-2398459b924180a9439ef4fb01b24c26 is being purged
270 verbose tar unpack C:\Users\THEN NHAI\AppData\Roaming\npm-cache\bufferutil\1.2.1\package.tgz
271 verbose tar unpacking to C:\Users\THEN NHAI\Documents\Project-Final\angular-seed-master\node_modules\.staging\bufferutil-ac352b312216dea418f90bf78d420690
272 silly gentlyRm C:\Users\THEN NHAI\Documents\Project-Final\angular-seed-master\node_modules\.staging\bufferutil-ac352b312216dea418f90bf78d420690 is being purged
273 verbose tar unpack C:\Users\THEN NHAI\AppData\Roaming\npm-cache\nan\2.2.0\package.tgz
274 verbose tar unpacking to C:\Users\THEN NHAI\Documents\Project-Final\angular-seed-master\node_modules\.staging\nan-4cd9f9e560e762ec465c2cde0722d7a3
275 silly gentlyRm C:\Users\THEN NHAI\Documents\Project-Final\angular-seed-master\node_modules\.staging\nan-4cd9f9e560e762ec465c2cde0722d7a3 is being purged
276 verbose gentlyRm don't care about contents; nuking C:\Users\THEN NHAI\Documents\Project-Final\angular-seed-master\node_modules\.staging\bindings-e221842ef1d1f415e6f305bdcfeec8a2
277 verbose tar unpack C:\Users\THEN NHAI\AppData\Roaming\npm-cache\utf-8-validate\1.2.1\package.tgz
278 verbose tar unpacking to C:\Users\THEN NHAI\Documents\Project-Final\angular-seed-master\node_modules\.staging\utf-8-validate-430f134680e0c0c26f902a2b7de48fd1
279 silly gentlyRm C:\Users\THEN NHAI\Documents\Project-Final\angular-seed-master\node_modules\.staging\utf-8-validate-430f134680e0c0c26f902a2b7de48fd1 is being purged
280 verbose gentlyRm don't care about contents; nuking C:\Users\THEN NHAI\Documents\Project-Final\angular-seed-master\node_modules\.staging\nan-2398459b924180a9439ef4fb01b24c26
281 verbose gentlyRm don't care about contents; nuking C:\Users\THEN NHAI\Documents\Project-Final\angular-seed-master\node_modules\.staging\bufferutil-ac352b312216dea418f90bf78d420690
282 verbose gentlyRm don't care about contents; nuking C:\Users\THEN NHAI\Documents\Project-Final\angular-seed-master\node_modules\.staging\nan-4cd9f9e560e762ec465c2cde0722d7a3
283 silly gunzTarPerm modes [ '777', '666' ]
284 verbose gentlyRm don't care about contents; nuking C:\Users\THEN NHAI\Documents\Project-Final\angular-seed-master\node_modules\.staging\utf-8-validate-430f134680e0c0c26f902a2b7de48fd1
285 silly gunzTarPerm modes [ '777', '666' ]
286 silly gunzTarPerm modes [ '777', '666' ]
287 silly gunzTarPerm modes [ '777', '666' ]
288 silly gunzTarPerm modes [ '777', '666' ]
289 silly gunzTarPerm extractEntry package.json
290 silly gunzTarPerm modified mode [ 'package.json', 420, 438 ]
291 silly gunzTarPerm extractEntry package.json
292 silly gunzTarPerm modified mode [ 'package.json', 436, 438 ]
293 silly gunzTarPerm extractEntry package.json
294 silly gunzTarPerm modified mode [ 'package.json', 436, 438 ]
295 silly gunzTarPerm extractEntry package.json
296 silly gunzTarPerm modified mode [ 'package.json', 420, 438 ]
297 silly gunzTarPerm extractEntry package.json
298 silly gunzTarPerm modified mode [ 'package.json', 420, 438 ]
299 silly gunzTarPerm extractEntry README.md
300 silly gunzTarPerm modified mode [ 'README.md', 420, 438 ]
301 silly gunzTarPerm extractEntry bindings.js
302 silly gunzTarPerm modified mode [ 'bindings.js', 420, 438 ]
303 silly gunzTarPerm extractEntry README.md
304 silly gunzTarPerm modified mode [ 'README.md', 436, 438 ]
305 silly gunzTarPerm extractEntry README.md
306 silly gunzTarPerm modified mode [ 'README.md', 436, 438 ]
307 silly gunzTarPerm extractEntry .npmignore
308 silly gunzTarPerm modified mode [ '.npmignore', 420, 438 ]
309 silly gunzTarPerm extractEntry README.md
310 silly gunzTarPerm modified mode [ 'README.md', 420, 438 ]
311 silly gunzTarPerm extractEntry include_dirs.js
312 silly gunzTarPerm modified mode [ 'include_dirs.js', 436, 438 ]
313 silly gunzTarPerm extractEntry include_dirs.js
314 silly gunzTarPerm modified mode [ 'include_dirs.js', 436, 438 ]
315 silly gunzTarPerm extractEntry .npmignore
316 silly gunzTarPerm modified mode [ '.npmignore', 420, 438 ]
317 silly gunzTarPerm extractEntry README.md
318 silly gunzTarPerm modified mode [ 'README.md', 420, 438 ]
319 silly gunzTarPerm extractEntry nan_converters.h
320 silly gunzTarPerm modified mode [ 'nan_converters.h', 436, 438 ]
321 silly gunzTarPerm extractEntry LICENSE.md
322 silly gunzTarPerm modified mode [ 'LICENSE.md', 436, 438 ]
323 silly gunzTarPerm extractEntry .dntrc
324 silly gunzTarPerm modified mode [ '.dntrc', 436, 438 ]
325 silly gunzTarPerm extractEntry nan_converters.h
326 silly gunzTarPerm modified mode [ 'nan_converters.h', 436, 438 ]
327 silly gunzTarPerm extractEntry LICENSE.md
328 silly gunzTarPerm modified mode [ 'LICENSE.md', 436, 438 ]
329 silly gunzTarPerm extractEntry .dntrc
330 silly gunzTarPerm modified mode [ '.dntrc', 436, 438 ]
331 silly gunzTarPerm extractEntry fallback.js
332 silly gunzTarPerm modified mode [ 'fallback.js', 420, 438 ]
333 silly gunzTarPerm extractEntry index.js
334 silly gunzTarPerm modified mode [ 'index.js', 420, 438 ]
335 silly gunzTarPerm extractEntry appveyor.yml
336 silly gunzTarPerm modified mode [ 'appveyor.yml', 436, 438 ]
337 silly gunzTarPerm extractEntry fallback.js
338 silly gunzTarPerm modified mode [ 'fallback.js', 420, 438 ]
339 silly gunzTarPerm extractEntry index.js
340 silly gunzTarPerm modified mode [ 'index.js', 420, 438 ]
341 silly gunzTarPerm extractEntry appveyor.yml
342 silly gunzTarPerm modified mode [ 'appveyor.yml', 436, 438 ]
343 silly gunzTarPerm extractEntry .travis.yml
344 silly gunzTarPerm modified mode [ '.travis.yml', 420, 438 ]
345 silly gunzTarPerm extractEntry binding.gyp
346 silly gunzTarPerm modified mode [ 'binding.gyp', 420, 438 ]
347 silly gunzTarPerm extractEntry binding.gyp
348 silly gunzTarPerm modified mode [ 'binding.gyp', 420, 438 ]
349 silly gunzTarPerm extractEntry .travis.yml
350 silly gunzTarPerm modified mode [ '.travis.yml', 420, 438 ]
351 silly gunzTarPerm extractEntry doc/new.md
352 silly gunzTarPerm modified mode [ 'doc/new.md', 436, 438 ]
353 silly gunzTarPerm extractEntry doc/.build.sh
354 silly gunzTarPerm modified mode [ 'doc/.build.sh', 509, 511 ]
355 silly gunzTarPerm extractEntry doc/new.md
356 silly gunzTarPerm modified mode [ 'doc/new.md', 436, 438 ]
357 silly gunzTarPerm extractEntry doc/.build.sh
358 silly gunzTarPerm modified mode [ 'doc/.build.sh', 509, 511 ]
359 silly gunzTarPerm extractEntry doc/buffers.md
360 silly gunzTarPerm modified mode [ 'doc/buffers.md', 436, 438 ]
361 silly gunzTarPerm extractEntry doc/callback.md
362 silly gunzTarPerm modified mode [ 'doc/callback.md', 436, 438 ]
363 silly gunzTarPerm extractEntry doc/buffers.md
364 silly gunzTarPerm modified mode [ 'doc/buffers.md', 436, 438 ]
365 silly gunzTarPerm extractEntry doc/callback.md
366 silly gunzTarPerm modified mode [ 'doc/callback.md', 436, 438 ]
367 silly gunzTarPerm extractEntry src/validation.cc
368 silly gunzTarPerm modified mode [ 'src/validation.cc', 420, 438 ]
369 silly gunzTarPerm extractEntry src/bufferutil.cc
370 silly gunzTarPerm modified mode [ 'src/bufferutil.cc', 420, 438 ]
371 silly gunzTarPerm extractEntry doc/converters.md
372 silly gunzTarPerm modified mode [ 'doc/converters.md', 436, 438 ]
373 silly gunzTarPerm extractEntry doc/errors.md
374 silly gunzTarPerm modified mode [ 'doc/errors.md', 436, 438 ]
375 silly gunzTarPerm extractEntry doc/converters.md
376 silly gunzTarPerm modified mode [ 'doc/converters.md', 436, 438 ]
377 silly gunzTarPerm extractEntry doc/errors.md
378 silly gunzTarPerm modified mode [ 'doc/errors.md', 436, 438 ]
379 silly gunzTarPerm extractEntry doc/maybe_types.md
380 silly gunzTarPerm modified mode [ 'doc/maybe_types.md', 436, 438 ]
381 silly gunzTarPerm extractEntry doc/methods.md
382 silly gunzTarPerm modified mode [ 'doc/methods.md', 436, 438 ]
383 silly gunzTarPerm extractEntry doc/maybe_types.md
384 silly gunzTarPerm modified mode [ 'doc/maybe_types.md', 436, 438 ]
385 silly gunzTarPerm extractEntry doc/methods.md
386 silly gunzTarPerm modified mode [ 'doc/methods.md', 436, 438 ]
387 silly gunzTarPerm extractEntry doc/asyncworker.md
388 silly gunzTarPerm modified mode [ 'doc/asyncworker.md', 436, 438 ]
389 silly gunzTarPerm extractEntry doc/node_misc.md
390 silly gunzTarPerm modified mode [ 'doc/node_misc.md', 436, 438 ]
391 silly gunzTarPerm extractEntry doc/asyncworker.md
392 silly gunzTarPerm modified mode [ 'doc/asyncworker.md', 436, 438 ]
393 silly gunzTarPerm extractEntry doc/node_misc.md
394 silly gunzTarPerm modified mode [ 'doc/node_misc.md', 436, 438 ]
395 silly gunzTarPerm extractEntry doc/object_wrappers.md
396 silly gunzTarPerm modified mode [ 'doc/object_wrappers.md', 436, 438 ]
397 silly gunzTarPerm extractEntry doc/persistent.md
398 silly gunzTarPerm modified mode [ 'doc/persistent.md', 436, 438 ]
399 silly gunzTarPerm extractEntry doc/object_wrappers.md
400 silly gunzTarPerm modified mode [ 'doc/object_wrappers.md', 436, 438 ]
401 silly gunzTarPerm extractEntry doc/persistent.md
402 silly gunzTarPerm modified mode [ 'doc/persistent.md', 436, 438 ]
403 silly gunzTarPerm extractEntry doc/scopes.md
404 silly gunzTarPerm modified mode [ 'doc/scopes.md', 436, 438 ]
405 silly gunzTarPerm extractEntry doc/script.md
406 silly gunzTarPerm modified mode [ 'doc/script.md', 436, 438 ]
407 silly gunzTarPerm extractEntry doc/scopes.md
408 silly gunzTarPerm modified mode [ 'doc/scopes.md', 436, 438 ]
409 silly gunzTarPerm extractEntry doc/script.md
410 silly gunzTarPerm modified mode [ 'doc/script.md', 436, 438 ]
411 silly gunzTarPerm extractEntry doc/string_bytes.md
412 silly gunzTarPerm modified mode [ 'doc/string_bytes.md', 436, 438 ]
413 silly gunzTarPerm extractEntry doc/v8_internals.md
414 silly gunzTarPerm modified mode [ 'doc/v8_internals.md', 436, 438 ]
415 silly gunzTarPerm extractEntry doc/string_bytes.md
416 silly gunzTarPerm modified mode [ 'doc/string_bytes.md', 436, 438 ]
417 silly gunzTarPerm extractEntry doc/v8_internals.md
418 silly gunzTarPerm modified mode [ 'doc/v8_internals.md', 436, 438 ]
419 silly gunzTarPerm extractEntry doc/v8_misc.md
420 silly gunzTarPerm modified mode [ 'doc/v8_misc.md', 436, 438 ]
421 silly gunzTarPerm extractEntry nan.h
422 silly gunzTarPerm modified mode [ 'nan.h', 436, 438 ]
423 silly gunzTarPerm extractEntry doc/v8_misc.md
424 silly gunzTarPerm modified mode [ 'doc/v8_misc.md', 436, 438 ]
425 silly gunzTarPerm extractEntry nan.h
426 silly gunzTarPerm modified mode [ 'nan.h', 436, 438 ]
427 silly gunzTarPerm extractEntry nan_callbacks.h
428 silly gunzTarPerm modified mode [ 'nan_callbacks.h', 436, 438 ]
429 silly gunzTarPerm extractEntry nan_callbacks.h
430 silly gunzTarPerm modified mode [ 'nan_callbacks.h', 436, 438 ]
431 silly gunzTarPerm extractEntry nan_callbacks_12_inl.h
432 silly gunzTarPerm modified mode [ 'nan_callbacks_12_inl.h', 436, 438 ]
433 silly gunzTarPerm extractEntry nan_callbacks_pre_12_inl.h
434 silly gunzTarPerm modified mode [ 'nan_callbacks_pre_12_inl.h', 436, 438 ]
435 silly gunzTarPerm extractEntry nan_callbacks_12_inl.h
436 silly gunzTarPerm modified mode [ 'nan_callbacks_12_inl.h', 436, 438 ]
437 silly gunzTarPerm extractEntry nan_callbacks_pre_12_inl.h
438 silly gunzTarPerm modified mode [ 'nan_callbacks_pre_12_inl.h', 436, 438 ]
439 silly gunzTarPerm extractEntry nan_converters_43_inl.h
440 silly gunzTarPerm modified mode [ 'nan_converters_43_inl.h', 436, 438 ]
441 silly gunzTarPerm extractEntry nan_converters_pre_43_inl.h
442 silly gunzTarPerm modified mode [ 'nan_converters_pre_43_inl.h', 436, 438 ]
443 silly gunzTarPerm extractEntry nan_implementation_12_inl.h
444 silly gunzTarPerm modified mode [ 'nan_implementation_12_inl.h', 436, 438 ]
445 silly gunzTarPerm extractEntry nan_converters_43_inl.h
446 silly gunzTarPerm modified mode [ 'nan_converters_43_inl.h', 436, 438 ]
447 silly gunzTarPerm extractEntry nan_converters_pre_43_inl.h
448 silly gunzTarPerm modified mode [ 'nan_converters_pre_43_inl.h', 436, 438 ]
449 silly gunzTarPerm extractEntry nan_implementation_12_inl.h
450 silly gunzTarPerm modified mode [ 'nan_implementation_12_inl.h', 436, 438 ]
451 silly gunzTarPerm extractEntry nan_implementation_pre_12_inl.h
452 silly gunzTarPerm modified mode [ 'nan_implementation_pre_12_inl.h', 436, 438 ]
453 silly gunzTarPerm extractEntry nan_implementation_pre_12_inl.h
454 silly gunzTarPerm modified mode [ 'nan_implementation_pre_12_inl.h', 436, 438 ]
455 silly gunzTarPerm extractEntry nan_maybe_43_inl.h
456 silly gunzTarPerm modified mode [ 'nan_maybe_43_inl.h', 436, 438 ]
457 silly gunzTarPerm extractEntry nan_maybe_pre_43_inl.h
458 silly gunzTarPerm modified mode [ 'nan_maybe_pre_43_inl.h', 436, 438 ]
459 silly gunzTarPerm extractEntry nan_new.h
460 silly gunzTarPerm modified mode [ 'nan_new.h', 436, 438 ]
461 silly gunzTarPerm extractEntry nan_maybe_43_inl.h
462 silly gunzTarPerm modified mode [ 'nan_maybe_43_inl.h', 436, 438 ]
463 silly gunzTarPerm extractEntry nan_maybe_pre_43_inl.h
464 silly gunzTarPerm modified mode [ 'nan_maybe_pre_43_inl.h', 436, 438 ]
465 silly gunzTarPerm extractEntry nan_new.h
466 silly gunzTarPerm modified mode [ 'nan_new.h', 436, 438 ]
467 silly gunzTarPerm extractEntry nan_object_wrap.h
468 silly gunzTarPerm modified mode [ 'nan_object_wrap.h', 436, 438 ]
469 silly gunzTarPerm extractEntry nan_persistent_12_inl.h
470 silly gunzTarPerm modified mode [ 'nan_persistent_12_inl.h', 436, 438 ]
471 silly gunzTarPerm extractEntry nan_persistent_pre_12_inl.h
472 silly gunzTarPerm modified mode [ 'nan_persistent_pre_12_inl.h', 436, 438 ]
473 silly gunzTarPerm extractEntry nan_string_bytes.h
474 silly gunzTarPerm modified mode [ 'nan_string_bytes.h', 436, 438 ]
475 silly gunzTarPerm extractEntry nan_typedarray_contents.h
476 silly gunzTarPerm modified mode [ 'nan_typedarray_contents.h', 436, 438 ]
477 silly gunzTarPerm extractEntry nan_weak.h
478 silly gunzTarPerm modified mode [ 'nan_weak.h', 436, 438 ]
479 silly gunzTarPerm extractEntry CHANGELOG.md
480 silly gunzTarPerm modified mode [ 'CHANGELOG.md', 436, 438 ]
481 silly gunzTarPerm extractEntry tools/package.json
482 silly gunzTarPerm modified mode [ 'tools/package.json', 436, 438 ]
483 silly gunzTarPerm extractEntry tools/README.md
484 silly gunzTarPerm modified mode [ 'tools/README.md', 436, 438 ]
485 silly gunzTarPerm extractEntry tools/1to2.js
486 silly gunzTarPerm modified mode [ 'tools/1to2.js', 509, 511 ]
487 silly gunzTarPerm extractEntry nan_object_wrap.h
488 silly gunzTarPerm modified mode [ 'nan_object_wrap.h', 436, 438 ]
489 silly gunzTarPerm extractEntry nan_persistent_12_inl.h
490 silly gunzTarPerm modified mode [ 'nan_persistent_12_inl.h', 436, 438 ]
491 silly gunzTarPerm extractEntry nan_persistent_pre_12_inl.h
492 silly gunzTarPerm modified mode [ 'nan_persistent_pre_12_inl.h', 436, 438 ]
493 silly gunzTarPerm extractEntry nan_string_bytes.h
494 silly gunzTarPerm modified mode [ 'nan_string_bytes.h', 436, 438 ]
495 silly gunzTarPerm extractEntry nan_typedarray_contents.h
496 silly gunzTarPerm modified mode [ 'nan_typedarray_contents.h', 436, 438 ]
497 silly gunzTarPerm extractEntry nan_weak.h
498 silly gunzTarPerm modified mode [ 'nan_weak.h', 436, 438 ]
499 silly gunzTarPerm extractEntry CHANGELOG.md
500 silly gunzTarPerm modified mode [ 'CHANGELOG.md', 436, 438 ]
501 silly gunzTarPerm extractEntry tools/package.json
502 silly gunzTarPerm modified mode [ 'tools/package.json', 436, 438 ]
503 silly gunzTarPerm extractEntry tools/README.md
504 silly gunzTarPerm modified mode [ 'tools/README.md', 436, 438 ]
505 silly gunzTarPerm extractEntry tools/1to2.js
506 silly gunzTarPerm modified mode [ 'tools/1to2.js', 509, 511 ]
507 silly doParallel preinstall 5
508 silly preinstall bindings@1.2.1 C:\Users\THEN NHAI\Documents\Project-Final\angular-seed-master\node_modules\.staging\bindings-e221842ef1d1f415e6f305bdcfeec8a2
509 info lifecycle bindings@1.2.1~preinstall: bindings@1.2.1
510 silly preinstall nan@2.2.0 C:\Users\THEN NHAI\Documents\Project-Final\angular-seed-master\node_modules\.staging\nan-2398459b924180a9439ef4fb01b24c26
511 info lifecycle nan@2.2.0~preinstall: nan@2.2.0
512 silly preinstall bufferutil@1.2.1 C:\Users\THEN NHAI\Documents\Project-Final\angular-seed-master\node_modules\.staging\bufferutil-ac352b312216dea418f90bf78d420690
513 info lifecycle bufferutil@1.2.1~preinstall: bufferutil@1.2.1
514 silly preinstall nan@2.2.0 C:\Users\THEN NHAI\Documents\Project-Final\angular-seed-master\node_modules\.staging\nan-4cd9f9e560e762ec465c2cde0722d7a3
515 info lifecycle nan@2.2.0~preinstall: nan@2.2.0
516 silly preinstall utf-8-validate@1.2.1 C:\Users\THEN NHAI\Documents\Project-Final\angular-seed-master\node_modules\.staging\utf-8-validate-430f134680e0c0c26f902a2b7de48fd1
517 info lifecycle utf-8-validate@1.2.1~preinstall: utf-8-validate@1.2.1
518 silly lifecycle bindings@1.2.1~preinstall: no script for preinstall, continuing
519 silly lifecycle nan@2.2.0~preinstall: no script for preinstall, continuing
520 silly lifecycle bufferutil@1.2.1~preinstall: no script for preinstall, continuing
521 silly lifecycle nan@2.2.0~preinstall: no script for preinstall, continuing
522 silly lifecycle utf-8-validate@1.2.1~preinstall: no script for preinstall, continuing
523 silly doReverseSerial remove 0
524 silly doSerial move 0
525 silly doSerial finalize 5
526 silly finalize C:\Users\THEN NHAI\Documents\Project-Final\angular-seed-master\node_modules\bindings
527 silly finalize C:\Users\THEN NHAI\Documents\Project-Final\angular-seed-master\node_modules\bufferutil\node_modules\nan
528 silly finalize C:\Users\THEN NHAI\Documents\Project-Final\angular-seed-master\node_modules\bufferutil
529 silly finalize C:\Users\THEN NHAI\Documents\Project-Final\angular-seed-master\node_modules\utf-8-validate\node_modules\nan
530 silly finalize C:\Users\THEN NHAI\Documents\Project-Final\angular-seed-master\node_modules\utf-8-validate
531 silly doSerial build 5
532 silly build bindings@1.2.1
533 info linkStuff bindings@1.2.1
534 silly linkStuff bindings@1.2.1 has C:\Users\THEN NHAI\Documents\Project-Final\angular-seed-master\node_modules as its parent node_modules
535 verbose linkBins bindings@1.2.1
536 verbose linkMans bindings@1.2.1
537 silly build nan@2.2.0
538 info linkStuff nan@2.2.0
539 silly linkStuff nan@2.2.0 has C:\Users\THEN NHAI\Documents\Project-Final\angular-seed-master\node_modules\bufferutil\node_modules as its parent node_modules
540 verbose linkBins nan@2.2.0
541 verbose linkMans nan@2.2.0
542 silly build bufferutil@1.2.1
543 info linkStuff bufferutil@1.2.1
544 silly linkStuff bufferutil@1.2.1 has C:\Users\THEN NHAI\Documents\Project-Final\angular-seed-master\node_modules as its parent node_modules
545 verbose linkBins bufferutil@1.2.1
546 verbose linkMans bufferutil@1.2.1
547 silly build nan@2.2.0
548 info linkStuff nan@2.2.0
549 silly linkStuff nan@2.2.0 has C:\Users\THEN NHAI\Documents\Project-Final\angular-seed-master\node_modules\utf-8-validate\node_modules as its parent node_modules
550 verbose linkBins nan@2.2.0
551 verbose linkMans nan@2.2.0
552 silly build utf-8-validate@1.2.1
553 info linkStuff utf-8-validate@1.2.1
554 silly linkStuff utf-8-validate@1.2.1 has C:\Users\THEN NHAI\Documents\Project-Final\angular-seed-master\node_modules as its parent node_modules
555 verbose linkBins utf-8-validate@1.2.1
556 verbose linkMans utf-8-validate@1.2.1
557 silly doSerial global-link 0
558 silly doParallel update-linked 0
559 silly doSerial install 5
560 silly install bindings@1.2.1 C:\Users\THEN NHAI\Documents\Project-Final\angular-seed-master\node_modules\.staging\bindings-e221842ef1d1f415e6f305bdcfeec8a2
561 info lifecycle bindings@1.2.1~install: bindings@1.2.1
562 silly lifecycle bindings@1.2.1~install: no script for install, continuing
563 silly install nan@2.2.0 C:\Users\THEN NHAI\Documents\Project-Final\angular-seed-master\node_modules\.staging\nan-2398459b924180a9439ef4fb01b24c26
564 info lifecycle nan@2.2.0~install: nan@2.2.0
565 silly lifecycle nan@2.2.0~install: no script for install, continuing
566 silly install bufferutil@1.2.1 C:\Users\THEN NHAI\Documents\Project-Final\angular-seed-master\node_modules\.staging\bufferutil-ac352b312216dea418f90bf78d420690
567 info lifecycle bufferutil@1.2.1~install: bufferutil@1.2.1
568 verbose lifecycle bufferutil@1.2.1~install: unsafe-perm in lifecycle true
569 verbose lifecycle bufferutil@1.2.1~install: PATH: C:\Program Files\nodejs\node_modules\npm\bin\node-gyp-bin;C:\Users\THEN NHAI\Documents\Project-Final\angular-seed-master\node_modules\bufferutil\node_modules\.bin;C:\Users\THEN NHAI\Documents\Project-Final\angular-seed-master\node_modules\.bin;C:\Users\THEN NHAI\AppData\Roaming\npm;C:\Program Files\nodejs\;C:\ProgramData\Oracle\Java\javapath;C:\WINDOWS\system32;C:\WINDOWS;C:\WINDOWS\System32\Wbem;C:\WINDOWS\System32\WindowsPowerShell\v1.0\;C:\Program Files\Microsoft SQL Server\120\DTS\Binn\;C:\Program Files\Microsoft SQL Server\Client SDK\ODBC\110\Tools\Binn\;C:\Program Files (x86)\Microsoft SQL Server\120\Tools\Binn\;C:\Program Files\Microsoft SQL Server\120\Tools\Binn\;C:\Program Files (x86)\Microsoft SQL Server\120\Tools\Binn\ManagementStudio\;C:\Program Files (x86)\Microsoft SQL Server\120\DTS\Binn\;C:\Program Files\Java\jdk1.8.0_60\bin;C:\Program Files (x86)\Windows Kits\8.1\Windows Performance Toolkit\;C:\Program Files\Microsoft SQL Server\110\Tools\Binn\;C:\Ruby22\bin;C:\Program Files\TortoiseSVN\bin;C:\Program Files (x86)\Skype\Phone\;C:\Program Files (x86)\Brackets\command;C:\Program Files\nodejs\;C:\Ruby21-x64\bin;C:\AppServ\Apache2.2\bin;C:\AppServ\php5;C:\AppServ\MySQL\bin;C:\Users\THEN NHAI\AppData\Roaming\npm
570 verbose lifecycle bufferutil@1.2.1~install: CWD: C:\Users\THEN NHAI\Documents\Project-Final\angular-seed-master\node_modules\bufferutil
571 silly lifecycle bufferutil@1.2.1~install: Args: [ '/d /s /c', 'node-gyp rebuild' ]
572 silly lifecycle bufferutil@1.2.1~install: Returned: code: 1  signal: null
573 info lifecycle bufferutil@1.2.1~install: Failed to exec install script
574 warn install:bufferutil@1.2.1 bufferutil@1.2.1 install: `node-gyp rebuild`
574 warn install:bufferutil@1.2.1 Exit status 1
575 verbose install:bufferutil@1.2.1 Error: bufferutil@1.2.1 install: `node-gyp rebuild`
575 verbose install:bufferutil@1.2.1 Exit status 1
575 verbose install:bufferutil@1.2.1     at EventEmitter.<anonymous> (C:\Program Files\nodejs\node_modules\npm\lib\utils\lifecycle.js:232:16)
575 verbose install:bufferutil@1.2.1     at emitTwo (events.js:100:13)
575 verbose install:bufferutil@1.2.1     at EventEmitter.emit (events.js:185:7)
575 verbose install:bufferutil@1.2.1     at ChildProcess.<anonymous> (C:\Program Files\nodejs\node_modules\npm\lib\utils\spawn.js:24:14)
575 verbose install:bufferutil@1.2.1     at emitTwo (events.js:100:13)
575 verbose install:bufferutil@1.2.1     at ChildProcess.emit (events.js:185:7)
575 verbose install:bufferutil@1.2.1     at maybeClose (internal/child_process.js:821:16)
575 verbose install:bufferutil@1.2.1     at Process.ChildProcess._handle.onexit (internal/child_process.js:211:5)
576 silly install nan@2.2.0 C:\Users\THEN NHAI\Documents\Project-Final\angular-seed-master\node_modules\.staging\nan-4cd9f9e560e762ec465c2cde0722d7a3
577 info lifecycle nan@2.2.0~install: nan@2.2.0
578 silly lifecycle nan@2.2.0~install: no script for install, continuing
579 silly install utf-8-validate@1.2.1 C:\Users\THEN NHAI\Documents\Project-Final\angular-seed-master\node_modules\.staging\utf-8-validate-430f134680e0c0c26f902a2b7de48fd1
580 info lifecycle utf-8-validate@1.2.1~install: utf-8-validate@1.2.1
581 verbose lifecycle utf-8-validate@1.2.1~install: unsafe-perm in lifecycle true
582 verbose lifecycle utf-8-validate@1.2.1~install: PATH: C:\Program Files\nodejs\node_modules\npm\bin\node-gyp-bin;C:\Users\THEN NHAI\Documents\Project-Final\angular-seed-master\node_modules\utf-8-validate\node_modules\.bin;C:\Users\THEN NHAI\Documents\Project-Final\angular-seed-master\node_modules\.bin;C:\Users\THEN NHAI\AppData\Roaming\npm;C:\Program Files\nodejs\;C:\ProgramData\Oracle\Java\javapath;C:\WINDOWS\system32;C:\WINDOWS;C:\WINDOWS\System32\Wbem;C:\WINDOWS\System32\WindowsPowerShell\v1.0\;C:\Program Files\Microsoft SQL Server\120\DTS\Binn\;C:\Program Files\Microsoft SQL Server\Client SDK\ODBC\110\Tools\Binn\;C:\Program Files (x86)\Microsoft SQL Server\120\Tools\Binn\;C:\Program Files\Microsoft SQL Server\120\Tools\Binn\;C:\Program Files (x86)\Microsoft SQL Server\120\Tools\Binn\ManagementStudio\;C:\Program Files (x86)\Microsoft SQL Server\120\DTS\Binn\;C:\Program Files\Java\jdk1.8.0_60\bin;C:\Program Files (x86)\Windows Kits\8.1\Windows Performance Toolkit\;C:\Program Files\Microsoft SQL Server\110\Tools\Binn\;C:\Ruby22\bin;C:\Program Files\TortoiseSVN\bin;C:\Program Files (x86)\Skype\Phone\;C:\Program Files (x86)\Brackets\command;C:\Program Files\nodejs\;C:\Ruby21-x64\bin;C:\AppServ\Apache2.2\bin;C:\AppServ\php5;C:\AppServ\MySQL\bin;C:\Users\THEN NHAI\AppData\Roaming\npm
583 verbose lifecycle utf-8-validate@1.2.1~install: CWD: C:\Users\THEN NHAI\Documents\Project-Final\angular-seed-master\node_modules\utf-8-validate
584 silly lifecycle utf-8-validate@1.2.1~install: Args: [ '/d /s /c', 'node-gyp rebuild' ]
585 silly lifecycle utf-8-validate@1.2.1~install: Returned: code: 1  signal: null
586 info lifecycle utf-8-validate@1.2.1~install: Failed to exec install script
587 warn install:utf-8-validate@1.2.1 utf-8-validate@1.2.1 install: `node-gyp rebuild`
587 warn install:utf-8-validate@1.2.1 Exit status 1
588 verbose install:utf-8-validate@1.2.1 Error: utf-8-validate@1.2.1 install: `node-gyp rebuild`
588 verbose install:utf-8-validate@1.2.1 Exit status 1
588 verbose install:utf-8-validate@1.2.1     at EventEmitter.<anonymous> (C:\Program Files\nodejs\node_modules\npm\lib\utils\lifecycle.js:232:16)
588 verbose install:utf-8-validate@1.2.1     at emitTwo (events.js:100:13)
588 verbose install:utf-8-validate@1.2.1     at EventEmitter.emit (events.js:185:7)
588 verbose install:utf-8-validate@1.2.1     at ChildProcess.<anonymous> (C:\Program Files\nodejs\node_modules\npm\lib\utils\spawn.js:24:14)
588 verbose install:utf-8-validate@1.2.1     at emitTwo (events.js:100:13)
588 verbose install:utf-8-validate@1.2.1     at ChildProcess.emit (events.js:185:7)
588 verbose install:utf-8-validate@1.2.1     at maybeClose (internal/child_process.js:821:16)
588 verbose install:utf-8-validate@1.2.1     at Process.ChildProcess._handle.onexit (internal/child_process.js:211:5)
589 silly doSerial postinstall 5
590 verbose unlock done using C:\Users\THEN NHAI\AppData\Roaming\npm-cache\_locks\staging-8e8d4fcd5a42b5ff.lock for C:\Users\THEN NHAI\Documents\Project-Final\angular-seed-master\node_modules\.staging
591 silly executeActions Finishing
592 silly rollbackFailedOptional Starting
593 silly rollbackFailedOptional Finishing
594 silly runTopLevelLifecycles Starting
595 silly install runTopLevelLifecycles
596 silly preinstall angular-seed@0.0.0 C:\Users\THEN NHAI\Documents\Project-Final\angular-seed-master\angular-seed-fcc578c35934a0980792aeb8b4fe0fac
597 info lifecycle angular-seed@0.0.0~preinstall: angular-seed@0.0.0
598 silly lifecycle angular-seed@0.0.0~preinstall: no script for preinstall, continuing
599 silly build angular-seed@0.0.0
600 info linkStuff angular-seed@0.0.0
601 silly linkStuff angular-seed@0.0.0 has C:\Users\THEN NHAI\Documents\Project-Final as its parent node_modules
602 verbose linkBins angular-seed@0.0.0
603 verbose linkMans angular-seed@0.0.0
604 silly install angular-seed@0.0.0 C:\Users\THEN NHAI\Documents\Project-Final\angular-seed-master\angular-seed-fcc578c35934a0980792aeb8b4fe0fac
605 info lifecycle angular-seed@0.0.0~install: angular-seed@0.0.0
606 silly lifecycle angular-seed@0.0.0~install: no script for install, continuing
607 silly postinstall angular-seed@0.0.0 C:\Users\THEN NHAI\Documents\Project-Final\angular-seed-master\angular-seed-fcc578c35934a0980792aeb8b4fe0fac
608 info lifecycle angular-seed@0.0.0~postinstall: angular-seed@0.0.0
609 verbose lifecycle angular-seed@0.0.0~postinstall: unsafe-perm in lifecycle true
610 verbose lifecycle angular-seed@0.0.0~postinstall: PATH: C:\Program Files\nodejs\node_modules\npm\bin\node-gyp-bin;C:\Users\THEN NHAI\Documents\Project-Final\angular-seed-master\node_modules\.bin;C:\Users\THEN NHAI\AppData\Roaming\npm;C:\Program Files\nodejs\;C:\ProgramData\Oracle\Java\javapath;C:\WINDOWS\system32;C:\WINDOWS;C:\WINDOWS\System32\Wbem;C:\WINDOWS\System32\WindowsPowerShell\v1.0\;C:\Program Files\Microsoft SQL Server\120\DTS\Binn\;C:\Program Files\Microsoft SQL Server\Client SDK\ODBC\110\Tools\Binn\;C:\Program Files (x86)\Microsoft SQL Server\120\Tools\Binn\;C:\Program Files\Microsoft SQL Server\120\Tools\Binn\;C:\Program Files (x86)\Microsoft SQL Server\120\Tools\Binn\ManagementStudio\;C:\Program Files (x86)\Microsoft SQL Server\120\DTS\Binn\;C:\Program Files\Java\jdk1.8.0_60\bin;C:\Program Files (x86)\Windows Kits\8.1\Windows Performance Toolkit\;C:\Program Files\Microsoft SQL Server\110\Tools\Binn\;C:\Ruby22\bin;C:\Program Files\TortoiseSVN\bin;C:\Program Files (x86)\Skype\Phone\;C:\Program Files (x86)\Brackets\command;C:\Program Files\nodejs\;C:\Ruby21-x64\bin;C:\AppServ\Apache2.2\bin;C:\AppServ\php5;C:\AppServ\MySQL\bin;C:\Users\THEN NHAI\AppData\Roaming\npm
611 verbose lifecycle angular-seed@0.0.0~postinstall: CWD: C:\Users\THEN NHAI\Documents\Project-Final\angular-seed-master
612 silly lifecycle angular-seed@0.0.0~postinstall: Args: [ '/d /s /c', 'bower install' ]
613 silly lifecycle angular-seed@0.0.0~postinstall: Returned: code: 1  signal: null
614 info lifecycle angular-seed@0.0.0~postinstall: Failed to exec postinstall script
615 verbose stack Error: angular-seed@0.0.0 postinstall: `bower install`
615 verbose stack Exit status 1
615 verbose stack     at EventEmitter.<anonymous> (C:\Program Files\nodejs\node_modules\npm\lib\utils\lifecycle.js:232:16)
615 verbose stack     at emitTwo (events.js:100:13)
615 verbose stack     at EventEmitter.emit (events.js:185:7)
615 verbose stack     at ChildProcess.<anonymous> (C:\Program Files\nodejs\node_modules\npm\lib\utils\spawn.js:24:14)
615 verbose stack     at emitTwo (events.js:100:13)
615 verbose stack     at ChildProcess.emit (events.js:185:7)
615 verbose stack     at maybeClose (internal/child_process.js:821:16)
615 verbose stack     at Process.ChildProcess._handle.onexit (internal/child_process.js:211:5)
616 verbose pkgid angular-seed@0.0.0
617 verbose cwd C:\Users\THEN NHAI\Documents\Project-Final\angular-seed-master
618 error Windows_NT 10.0.10586
619 error argv "C:\\Program Files\\nodejs\\node.exe" "C:\\Program Files\\nodejs\\node_modules\\npm\\bin\\npm-cli.js" "install"
620 error node v5.5.0
621 error npm  v3.3.12
622 error code ELIFECYCLE
623 error angular-seed@0.0.0 postinstall: `bower install`
623 error Exit status 1
624 error Failed at the angular-seed@0.0.0 postinstall script 'bower install'.
624 error Make sure you have the latest version of node.js and npm installed.
624 error If you do, this is most likely a problem with the angular-seed package,
624 error not with npm itself.
624 error Tell the author that this fails on your system:
624 error     bower install
624 error You can get their info via:
624 error     npm owner ls angular-seed
624 error There is likely additional logging output above.
625 verbose exit [ 1, true ]
